2024-09-11 23:47:46,601 [INFO] Activator:177 - 


2024-09-11 23:47:46,602 [INFO] Activator:178 - !SESSION log4j initialized
2024-09-11 23:48:13,979 [INFO] McuFinderGlobals:39 - Set McuFinder mode to 2 (CubeIDE integrated)
2024-09-11 23:48:14,304 [INFO] ApplicationProperties:181 - Using Application install path: C:\Study\Vi x l\STM32CubeIDE_1.7.0\STM32CubeIDE\plugins\com.st.stm32cube.common.mx_6.3.0.202107141111
2024-09-11 23:48:14,313 [INFO] DbMcusXml:74 - Set database path to: C:\Study\Vi x l\STM32CubeIDE_1.7.0\STM32CubeIDE\plugins\com.st.stm32cube.common.mx_6.3.0.202107141111\\db\/mcu/
2024-09-11 23:48:14,316 [INFO] DbBoardsPdsc:56 - Set plugin database path to: C:\Study\Vi x l\STM32CubeIDE_1.7.0\STM32CubeIDE\plugins\com.st.stm32cube.common.mx_6.3.0.202107141111\\db\/plugins/boardmanager/
2024-09-11 23:48:14,316 [INFO] DbMcus:258 - Set plugin images path to: C:\Study\Vi x l\STM32CubeIDE_1.7.0\STM32CubeIDE\plugins\com.st.stm32cube.common.mx_6.3.0.202107141111\\db\/plugins/mcufinder/images/
2024-09-11 23:48:14,316 [INFO] DbBoards:264 - Set plugin images path to: C:\Study\Vi x l\STM32CubeIDE_1.7.0\STM32CubeIDE\plugins\com.st.stm32cube.common.mx_6.3.0.202107141111\\db\/plugins/mcufinder/images/
2024-09-11 23:48:14,318 [INFO] DbExamples:333 - Set plugin images path to: C:\Study\Vi x l\STM32CubeIDE_1.7.0\STM32CubeIDE\plugins\com.st.stm32cube.common.mx_6.3.0.202107141111\\db\/plugins/mcufinder/images/
2024-09-11 23:48:14,322 [INFO] DbMcusAds:119 - Set database path to: C:\Users\Bach\.stmcufinder\plugins\mcufinder//mcu/
2024-09-11 23:48:14,323 [INFO] DbMcusDocs:110 - Set database path to: C:\Users\Bach\.stmcufinder\plugins\mcufinder//mcu/
2024-09-11 23:48:14,323 [INFO] DbMcusJson:64 - Set database path to: C:\Users\Bach\.stmcufinder\plugins\mcufinder//mcu/
2024-09-11 23:48:14,324 [INFO] DbBoardsDocs:110 - Set database path to: C:\Users\Bach\.stmcufinder\plugins\mcufinder//mcu/
2024-09-11 23:48:14,325 [INFO] DbBoardsJson:57 - Set database path to: C:\Users\Bach\.stmcufinder\plugins\mcufinder//mcu/
2024-09-11 23:48:14,333 [INFO] CrossReferenceDbSqlite:196 - Set database path to: C:\Users\Bach\.stmcufinder\plugins\mcufinder//mcu/cs/
2024-09-11 23:48:14,335 [INFO] DbExamplesSqlite:767 - Set database path to: C:\Users\Bach\.stmcufinder\plugins\mcufinder//mcu/
2024-09-11 23:48:14,401 [INFO] RulesReader:57 - Compatibility file has been processed (242 Rules)
2024-09-11 23:48:14,460 [INFO] DbMcusXml:74 - Set database path to: C:\Study\Vi x l\STM32CubeIDE_1.7.0\STM32CubeIDE\plugins\com.st.stm32cube.common.mx_6.3.0.202107141111\\db\/mcu/
2024-09-11 23:48:14,461 [INFO] DbBoardsPdsc:56 - Set plugin database path to: C:\Study\Vi x l\STM32CubeIDE_1.7.0\STM32CubeIDE\plugins\com.st.stm32cube.common.mx_6.3.0.202107141111\\db\/plugins/boardmanager/
2024-09-11 23:48:14,461 [INFO] DbMcus:258 - Set plugin images path to: C:\Study\Vi x l\STM32CubeIDE_1.7.0\STM32CubeIDE\plugins\com.st.stm32cube.common.mx_6.3.0.202107141111\\db\/plugins/mcufinder/images/
2024-09-11 23:48:14,461 [INFO] DbBoards:264 - Set plugin images path to: C:\Study\Vi x l\STM32CubeIDE_1.7.0\STM32CubeIDE\plugins\com.st.stm32cube.common.mx_6.3.0.202107141111\\db\/plugins/mcufinder/images/
2024-09-11 23:48:14,461 [INFO] DbExamples:333 - Set plugin images path to: C:\Study\Vi x l\STM32CubeIDE_1.7.0\STM32CubeIDE\plugins\com.st.stm32cube.common.mx_6.3.0.202107141111\\db\/plugins/mcufinder/images/
2024-09-11 23:48:14,461 [WARN] DbFile:35 - Overriding database path with different value: C:\Users\Bach\.stmcufinder\plugins\mcufinder/ => C:\Users\Bach\.stmcufinder\plugins\mcufinder
2024-09-11 23:48:14,461 [INFO] DbMcusAds:119 - Set database path to: C:\Users\Bach\.stmcufinder\plugins\mcufinder//mcu/
2024-09-11 23:48:14,462 [WARN] DbFile:35 - Overriding database path with different value: C:\Users\Bach\.stmcufinder\plugins\mcufinder/ => C:\Users\Bach\.stmcufinder\plugins\mcufinder
2024-09-11 23:48:14,462 [INFO] DbMcusDocs:110 - Set database path to: C:\Users\Bach\.stmcufinder\plugins\mcufinder//mcu/
2024-09-11 23:48:14,462 [WARN] DbFile:35 - Overriding database path with different value: C:\Users\Bach\.stmcufinder\plugins\mcufinder/ => C:\Users\Bach\.stmcufinder\plugins\mcufinder
2024-09-11 23:48:14,462 [INFO] DbMcusJson:64 - Set database path to: C:\Users\Bach\.stmcufinder\plugins\mcufinder//mcu/
2024-09-11 23:48:14,462 [WARN] DbFile:35 - Overriding database path with different value: C:\Users\Bach\.stmcufinder\plugins\mcufinder/ => C:\Users\Bach\.stmcufinder\plugins\mcufinder
2024-09-11 23:48:14,462 [INFO] DbBoardsDocs:110 - Set database path to: C:\Users\Bach\.stmcufinder\plugins\mcufinder//mcu/
2024-09-11 23:48:14,462 [WARN] DbFile:35 - Overriding database path with different value: C:\Users\Bach\.stmcufinder\plugins\mcufinder/ => C:\Users\Bach\.stmcufinder\plugins\mcufinder
2024-09-11 23:48:14,462 [INFO] DbBoardsJson:57 - Set database path to: C:\Users\Bach\.stmcufinder\plugins\mcufinder//mcu/
2024-09-11 23:48:14,462 [WARN] DbFile:35 - Overriding database path with different value: C:\Users\Bach\.stmcufinder\plugins\mcufinder/ => C:\Users\Bach\.stmcufinder\plugins\mcufinder
2024-09-11 23:48:14,462 [WARN] DbFile:35 - Overriding database path with different value: C:\Users\Bach\.stmcufinder\plugins\mcufinder/ => C:\Users\Bach\.stmcufinder\plugins\mcufinder
2024-09-11 23:48:14,462 [INFO] CrossReferenceDbSqlite:196 - Set database path to: C:\Users\Bach\.stmcufinder\plugins\mcufinder//mcu/cs/
2024-09-11 23:48:14,462 [WARN] DbFile:35 - Overriding database path with different value: C:\Users\Bach\.stmcufinder\plugins\mcufinder/ => C:\Users\Bach\.stmcufinder\plugins\mcufinder
2024-09-11 23:48:14,462 [INFO] DbExamplesSqlite:767 - Set database path to: C:\Users\Bach\.stmcufinder\plugins\mcufinder//mcu/
2024-09-11 23:48:14,509 [INFO] MainPanel:214 - HeapMemory: 268435456
2024-09-11 23:48:14,571 [INFO] DbMcusXml:74 - Set database path to: C:\Study\Vi x l\STM32CubeIDE_1.7.0\STM32CubeIDE\plugins\com.st.stm32cube.common.mx_6.3.0.202107141111\\db\/mcu/
2024-09-11 23:48:14,571 [INFO] DbBoardsPdsc:56 - Set plugin database path to: C:\Study\Vi x l\STM32CubeIDE_1.7.0\STM32CubeIDE\plugins\com.st.stm32cube.common.mx_6.3.0.202107141111\\db\/plugins/boardmanager/
2024-09-11 23:48:14,571 [INFO] DbMcus:258 - Set plugin images path to: C:\Study\Vi x l\STM32CubeIDE_1.7.0\STM32CubeIDE\plugins\com.st.stm32cube.common.mx_6.3.0.202107141111\\db\/plugins/mcufinder/images/
2024-09-11 23:48:14,571 [INFO] DbBoards:264 - Set plugin images path to: C:\Study\Vi x l\STM32CubeIDE_1.7.0\STM32CubeIDE\plugins\com.st.stm32cube.common.mx_6.3.0.202107141111\\db\/plugins/mcufinder/images/
2024-09-11 23:48:14,571 [INFO] DbExamples:333 - Set plugin images path to: C:\Study\Vi x l\STM32CubeIDE_1.7.0\STM32CubeIDE\plugins\com.st.stm32cube.common.mx_6.3.0.202107141111\\db\/plugins/mcufinder/images/
2024-09-11 23:48:14,572 [WARN] DbFile:35 - Overriding database path with different value: C:\Users\Bach\.stmcufinder\plugins\mcufinder/ => C:\Users\Bach\.stmcufinder\plugins\mcufinder
2024-09-11 23:48:14,572 [INFO] DbMcusAds:119 - Set database path to: C:\Users\Bach\.stmcufinder\plugins\mcufinder//mcu/
2024-09-11 23:48:14,572 [WARN] DbFile:35 - Overriding database path with different value: C:\Users\Bach\.stmcufinder\plugins\mcufinder/ => C:\Users\Bach\.stmcufinder\plugins\mcufinder
2024-09-11 23:48:14,572 [INFO] DbMcusDocs:110 - Set database path to: C:\Users\Bach\.stmcufinder\plugins\mcufinder//mcu/
2024-09-11 23:48:14,572 [WARN] DbFile:35 - Overriding database path with different value: C:\Users\Bach\.stmcufinder\plugins\mcufinder/ => C:\Users\Bach\.stmcufinder\plugins\mcufinder
2024-09-11 23:48:14,572 [INFO] DbMcusJson:64 - Set database path to: C:\Users\Bach\.stmcufinder\plugins\mcufinder//mcu/
2024-09-11 23:48:14,572 [WARN] DbFile:35 - Overriding database path with different value: C:\Users\Bach\.stmcufinder\plugins\mcufinder/ => C:\Users\Bach\.stmcufinder\plugins\mcufinder
2024-09-11 23:48:14,572 [INFO] DbBoardsDocs:110 - Set database path to: C:\Users\Bach\.stmcufinder\plugins\mcufinder//mcu/
2024-09-11 23:48:14,572 [WARN] DbFile:35 - Overriding database path with different value: C:\Users\Bach\.stmcufinder\plugins\mcufinder/ => C:\Users\Bach\.stmcufinder\plugins\mcufinder
2024-09-11 23:48:14,572 [INFO] DbBoardsJson:57 - Set database path to: C:\Users\Bach\.stmcufinder\plugins\mcufinder//mcu/
2024-09-11 23:48:14,572 [WARN] DbFile:35 - Overriding database path with different value: C:\Users\Bach\.stmcufinder\plugins\mcufinder/ => C:\Users\Bach\.stmcufinder\plugins\mcufinder
2024-09-11 23:48:14,572 [WARN] DbFile:35 - Overriding database path with different value: C:\Users\Bach\.stmcufinder\plugins\mcufinder/ => C:\Users\Bach\.stmcufinder\plugins\mcufinder
2024-09-11 23:48:14,572 [INFO] CrossReferenceDbSqlite:196 - Set database path to: C:\Users\Bach\.stmcufinder\plugins\mcufinder//mcu/cs/
2024-09-11 23:48:14,572 [WARN] DbFile:35 - Overriding database path with different value: C:\Users\Bach\.stmcufinder\plugins\mcufinder/ => C:\Users\Bach\.stmcufinder\plugins\mcufinder
2024-09-11 23:48:14,572 [INFO] DbExamplesSqlite:767 - Set database path to: C:\Users\Bach\.stmcufinder\plugins\mcufinder//mcu/
2024-09-11 23:48:14,585 [INFO] ApplicationProperties:181 - Using Application install path: C:\Study\Vi x l\STM32CubeIDE_1.7.0\STM32CubeIDE\plugins\com.st.stm32cube.common.mx_6.3.0.202107141111
2024-09-11 23:48:14,586 [INFO] PluginManage:188 - Search for loadable plugins [exclusion list=, ]
2024-09-11 23:48:14,587 [INFO] PluginManage:302 - Check plugin analytics
2024-09-11 23:48:14,678 [INFO] AnalyticsPlugin:257 - Accepted Software Licenses: 
2024-09-11 23:48:14,678 [INFO] AnalyticsPlugin:259 - Accepted CMSIS Pack Licenses: 
2024-09-11 23:48:14,678 [INFO] AnalyticsPlugin:261 - Accepted Firmware Licenses: 
2024-09-11 23:48:14,678 [INFO] PluginManage:352 - Loaded plugin analytics (category:tool,tabindex:-1)
2024-09-11 23:48:14,679 [INFO] PluginManage:302 - Check plugin clock
2024-09-11 23:48:14,695 [INFO] PluginManage:352 - Loaded plugin clock (category:base,tabindex:2)
2024-09-11 23:48:14,695 [INFO] PluginManage:302 - Check plugin ddr
2024-09-11 23:48:14,696 [INFO] PluginManage:352 - Loaded plugin ddr (category:tool,tabindex:6)
2024-09-11 23:48:14,696 [INFO] PluginManage:302 - Check plugin filemanager
2024-09-11 23:48:14,785 [INFO] PluginManage:352 - Loaded plugin filemanager (category:base,tabindex:10)
2024-09-11 23:48:14,785 [INFO] PluginManage:302 - Check plugin ipmanager
2024-09-11 23:48:14,791 [INFO] PluginManage:352 - Loaded plugin ipmanager (category:base,tabindex:5)
2024-09-11 23:48:14,791 [INFO] PluginManage:302 - Check plugin pinoutandconfiguration
2024-09-11 23:48:14,803 [INFO] PluginManage:352 - Loaded plugin pinoutandconfiguration (category:base,tabindex:1)
2024-09-11 23:48:14,803 [INFO] PluginManage:302 - Check plugin pinoutconfig
2024-09-11 23:48:14,829 [INFO] PluginManage:352 - Loaded plugin pinoutconfig (category:base,tabindex:0)
2024-09-11 23:48:14,829 [INFO] PluginManage:302 - Check plugin power
2024-09-11 23:48:14,843 [INFO] PluginManage:352 - Loaded plugin power (category:power,tabindex:4)
2024-09-11 23:48:14,843 [INFO] PluginManage:302 - Check plugin projectmanager
2024-09-11 23:48:14,853 [INFO] PluginManage:352 - Loaded plugin projectmanager (category:projectmanager,tabindex:3)
2024-09-11 23:48:14,853 [INFO] PluginManage:302 - Check plugin thirdparty
2024-09-11 23:48:15,023 [INFO] PluginManage:352 - Loaded plugin thirdparty (category:base,tabindex:-1)
2024-09-11 23:48:15,023 [WARN] IntegrityCheckThread:78 - waiting for thirdparty lock release [integrity check]
2024-09-11 23:48:15,023 [INFO] PluginManage:302 - Check plugin tools
2024-09-11 23:48:15,024 [INFO] IntegrityCheckThread:80 - entering critical section [integrity check]
2024-09-11 23:48:15,024 [INFO] ThirdPartyUpdaterWithRetryManager:66 - Updater plugin not ready yet. [1/15]
2024-09-11 23:48:15,074 [INFO] PluginManage:352 - Loaded plugin tools (category:base,tabindex:7)
2024-09-11 23:48:15,074 [INFO] PluginManage:302 - Check plugin tutovideos
2024-09-11 23:48:15,243 [INFO] PluginManage:352 - Loaded plugin tutovideos (category:base,tabindex:-1)
2024-09-11 23:48:15,243 [INFO] PluginManage:302 - Check plugin updater
2024-09-11 23:48:15,251 [INFO] PluginManage:352 - Loaded plugin updater (category:base,tabindex:12)
2024-09-11 23:48:15,252 [INFO] PluginManage:275 - PluginManage : Loaded plugins [13]
2024-09-11 23:48:15,412 [INFO] PinOutPanel:1463 - setPackage(No Configuration,No Configuration)
2024-09-11 23:48:15,479 [INFO] IPUIPlugin:74 - create IPUIPlugin
2024-09-11 23:48:15,479 [INFO] PluginManager:213 - loadIPPluginJar : add adc
2024-09-11 23:48:15,516 [INFO] IPUIPlugin:74 - create IPUIPlugin
2024-09-11 23:48:15,516 [INFO] PluginManager:213 - loadIPPluginJar : add aes
2024-09-11 23:48:15,556 [INFO] IPUIPlugin:74 - create IPUIPlugin
2024-09-11 23:48:15,556 [INFO] PluginManager:213 - loadIPPluginJar : add can
2024-09-11 23:48:15,585 [INFO] IPUIPlugin:74 - create IPUIPlugin
2024-09-11 23:48:15,585 [INFO] PluginManager:213 - loadIPPluginJar : add comp
2024-09-11 23:48:15,617 [INFO] IPUIPlugin:74 - create IPUIPlugin
2024-09-11 23:48:15,617 [INFO] PluginManager:213 - loadIPPluginJar : add cryp
2024-09-11 23:48:15,647 [INFO] IPUIPlugin:74 - create IPUIPlugin
2024-09-11 23:48:15,647 [INFO] PluginManager:213 - loadIPPluginJar : add dfsdm
2024-09-11 23:48:15,658 [INFO] IPUIPlugin:74 - create IPUIPlugin
2024-09-11 23:48:15,659 [INFO] PluginManager:213 - loadIPPluginJar : add dma
2024-09-11 23:48:15,700 [INFO] IPUIPlugin:74 - create IPUIPlugin
2024-09-11 23:48:15,700 [INFO] PluginManager:213 - loadIPPluginJar : add dma3
2024-09-11 23:48:15,726 [INFO] IPUIPlugin:74 - create IPUIPlugin
2024-09-11 23:48:15,726 [INFO] PluginManager:213 - loadIPPluginJar : add fatfs
2024-09-11 23:48:15,770 [INFO] IPUIPlugin:74 - create IPUIPlugin
2024-09-11 23:48:15,770 [INFO] PluginManager:213 - loadIPPluginJar : add fmc
2024-09-11 23:48:15,784 [INFO] IPUIPlugin:74 - create IPUIPlugin
2024-09-11 23:48:15,784 [INFO] PluginManager:213 - loadIPPluginJar : add freertos
2024-09-11 23:48:15,814 [INFO] IPUIPlugin:74 - create IPUIPlugin
2024-09-11 23:48:15,815 [INFO] PluginManager:213 - loadIPPluginJar : add genericplugin
2024-09-11 23:48:15,893 [INFO] IPUIPlugin:74 - create IPUIPlugin
2024-09-11 23:48:15,894 [INFO] PluginManager:213 - loadIPPluginJar : add gfxmmu
2024-09-11 23:48:15,996 [INFO] IPUIPlugin:74 - create IPUIPlugin
2024-09-11 23:48:15,996 [INFO] PluginManager:213 - loadIPPluginJar : add gic
2024-09-11 23:48:16,009 [INFO] IPUIPlugin:74 - create IPUIPlugin
2024-09-11 23:48:16,010 [INFO] PluginManager:213 - loadIPPluginJar : add gpio
2024-09-11 23:48:16,069 [INFO] IPUIPlugin:74 - create IPUIPlugin
2024-09-11 23:48:16,069 [INFO] PluginManager:213 - loadIPPluginJar : add gtzc
2024-09-11 23:48:16,099 [INFO] IPUIPlugin:74 - create IPUIPlugin
2024-09-11 23:48:16,099 [INFO] PluginManager:213 - loadIPPluginJar : add hash
2024-09-11 23:48:16,153 [INFO] IPUIPlugin:74 - create IPUIPlugin
2024-09-11 23:48:16,153 [INFO] PluginManager:213 - loadIPPluginJar : add i2c
2024-09-11 23:48:16,191 [INFO] IPUIPlugin:74 - create IPUIPlugin
2024-09-11 23:48:16,191 [INFO] PluginManager:213 - loadIPPluginJar : add i2s
2024-09-11 23:48:16,199 [INFO] IPUIPlugin:74 - create IPUIPlugin
2024-09-11 23:48:16,199 [INFO] PluginManager:213 - loadIPPluginJar : add ipddr
2024-09-11 23:48:16,275 [INFO] IPUIPlugin:74 - create IPUIPlugin
2024-09-11 23:48:16,275 [INFO] PluginManager:213 - loadIPPluginJar : add linkedlist
2024-09-11 23:48:16,313 [INFO] IPUIPlugin:74 - create IPUIPlugin
2024-09-11 23:48:16,314 [INFO] PluginManager:213 - loadIPPluginJar : add lorawan
2024-09-11 23:48:16,348 [INFO] IPUIPlugin:74 - create IPUIPlugin
2024-09-11 23:48:16,348 [INFO] PluginManager:213 - loadIPPluginJar : add ltdc
2024-09-11 23:48:16,360 [INFO] IPUIPlugin:74 - create IPUIPlugin
2024-09-11 23:48:16,360 [INFO] PluginManager:213 - loadIPPluginJar : add mdma
2024-09-11 23:48:16,371 [INFO] IPUIPlugin:74 - create IPUIPlugin
2024-09-11 23:48:16,371 [INFO] PluginManager:213 - loadIPPluginJar : add nvic
2024-09-11 23:48:16,405 [INFO] IPUIPlugin:74 - create IPUIPlugin
2024-09-11 23:48:16,406 [INFO] PluginManager:213 - loadIPPluginJar : add opamp
2024-09-11 23:48:16,459 [INFO] IPUIPlugin:74 - create IPUIPlugin
2024-09-11 23:48:16,460 [INFO] PluginManager:213 - loadIPPluginJar : add openamp
2024-09-11 23:48:16,500 [INFO] IPUIPlugin:74 - create IPUIPlugin
2024-09-11 23:48:16,501 [INFO] PluginManager:213 - loadIPPluginJar : add pdm2pcm
2024-09-11 23:48:16,512 [INFO] IPUIPlugin:74 - create IPUIPlugin
2024-09-11 23:48:16,514 [INFO] PluginManager:213 - loadIPPluginJar : add plateformsettings
2024-09-11 23:48:16,539 [INFO] IPUIPlugin:74 - create IPUIPlugin
2024-09-11 23:48:16,539 [INFO] PluginManager:213 - loadIPPluginJar : add quadspi
2024-09-11 23:48:16,548 [INFO] IPUIPlugin:74 - create IPUIPlugin
2024-09-11 23:48:16,548 [INFO] PluginManager:213 - loadIPPluginJar : add resmgrutility
2024-09-11 23:48:16,592 [INFO] IPUIPlugin:74 - create IPUIPlugin
2024-09-11 23:48:16,594 [INFO] PluginManager:213 - loadIPPluginJar : add sai
2024-09-11 23:48:16,629 [INFO] IPUIPlugin:74 - create IPUIPlugin
2024-09-11 23:48:16,629 [INFO] PluginManager:213 - loadIPPluginJar : add spi
2024-09-11 23:48:16,673 [INFO] IPUIPlugin:74 - create IPUIPlugin
2024-09-11 23:48:16,673 [INFO] PluginManager:213 - loadIPPluginJar : add stm32_wpan
2024-09-11 23:48:16,696 [INFO] IPUIPlugin:74 - create IPUIPlugin
2024-09-11 23:48:16,698 [INFO] PluginManager:213 - loadIPPluginJar : add tim
2024-09-11 23:48:16,764 [INFO] IPUIPlugin:74 - create IPUIPlugin
2024-09-11 23:48:16,764 [INFO] PluginManager:213 - loadIPPluginJar : add touchsensing
2024-09-11 23:48:16,793 [INFO] IPUIPlugin:74 - create IPUIPlugin
2024-09-11 23:48:16,793 [INFO] PluginManager:213 - loadIPPluginJar : add tracer_emb
2024-09-11 23:48:16,821 [INFO] IPUIPlugin:74 - create IPUIPlugin
2024-09-11 23:48:16,821 [INFO] PluginManager:213 - loadIPPluginJar : add ts
2024-09-11 23:48:16,845 [INFO] IPUIPlugin:74 - create IPUIPlugin
2024-09-11 23:48:16,845 [INFO] PluginManager:213 - loadIPPluginJar : add tsc
2024-09-11 23:48:16,870 [INFO] IPUIPlugin:74 - create IPUIPlugin
2024-09-11 23:48:16,870 [INFO] PluginManager:213 - loadIPPluginJar : add ucpd
2024-09-11 23:48:16,908 [INFO] IPUIPlugin:74 - create IPUIPlugin
2024-09-11 23:48:16,908 [INFO] PluginManager:213 - loadIPPluginJar : add usart
2024-09-11 23:48:16,944 [INFO] IPUIPlugin:74 - create IPUIPlugin
2024-09-11 23:48:16,945 [INFO] PluginManager:213 - loadIPPluginJar : add usbx
2024-09-11 23:48:17,167 [FATAL] Updater:294 - Updater called before beeing initialized
2024-09-11 23:48:17,230 [FATAL] Updater:294 - Updater called before beeing initialized
2024-09-11 23:48:17,236 [INFO] DbMcusAds:47 - JSON generation date=Thu May 16 16:22:00 ICT 2024 (1715851320667)
2024-09-11 23:48:17,236 [FATAL] Updater:294 - Updater called before beeing initialized
2024-09-11 23:48:17,278 [WARN] DetailPanel:314 - Failed to get advertising image, set to default
2024-09-11 23:48:17,333 [FATAL] Updater:294 - Updater called before beeing initialized
2024-09-11 23:48:17,336 [FATAL] Updater:294 - Updater called before beeing initialized
2024-09-11 23:48:17,336 [FATAL] Updater:294 - Updater called before beeing initialized
2024-09-11 23:48:17,336 [WARN] DetailPanel:314 - Failed to get advertising image, set to default
2024-09-11 23:48:17,337 [FATAL] Updater:294 - Updater called before beeing initialized
2024-09-11 23:48:17,371 [ERROR] Updater:1075 - MainUpdater not yet initialized. External WinMGr cannot be set.
2024-09-11 23:48:17,379 [INFO] Updater:1012 - Updater Version found : 6.3.0
2024-09-11 23:48:17,393 [INFO] ApplicationProperties:181 - Using Application install path: C:\Study\Vi x l\STM32CubeIDE_1.7.0\STM32CubeIDE\plugins\com.st.stm32cube.common.mx_6.3.0.202107141111
2024-09-11 23:48:17,802 [INFO] MainUpdater:2671 - connection check result : 10
2024-09-11 23:48:17,803 [INFO] MainUpdater:265 - Updater Check For Update Now.
2024-09-11 23:48:17,803 [INFO] MicroXplorer:478 - Change Database Version : DB.6.0.30
2024-09-11 23:48:17,975 [INFO] CheckServerUpdateThread:112 - End of CheckServer Thread
2024-09-11 23:48:18,115 [ERROR] Engine:463 - C:\Users\Bach\.stm32cubemx\thirdparties\pdsc\STMicroelectronics.FP-SNS-MOTENVWB1.1.4.0.pdsc: PDSC version is not supported
2024-09-11 23:48:18,124 [ERROR] Engine:463 - C:\Users\Bach\.stm32cubemx\thirdparties\pdsc\STMicroelectronics.X-CUBE-SMBUS.2.1.0.pdsc: PDSC version is not supported
2024-09-11 23:48:18,159 [INFO] MainUpdater:2671 - connection check result : 10
2024-09-11 23:48:18,169 [WARN] PackLoader:238 - Cannot read IP mode file for STMicroelectronics.X-CUBE-AZRTOS-F7.1.1.0
2024-09-11 23:48:18,228 [WARN] PackLoader:238 - Cannot read IP mode file for STMicroelectronics.X-CUBE-MEMS1.11.0.0
2024-09-11 23:48:18,394 [ERROR] Engine:463 - C:\Users\Bach\.stm32cubemx\thirdparties\pdsc\STMicroelectronics.FP-SNS-FLIGHT1.5.0.2.pdsc: PDSC version is not supported
2024-09-11 23:48:18,402 [ERROR] Engine:463 - C:\Users\Bach\.stm32cubemx\thirdparties\pdsc\STMicroelectronics.X-CUBE-DISPLAY.3.0.0.pdsc: PDSC version is not supported
2024-09-11 23:48:18,414 [WARN] PackLoader:238 - Cannot read IP mode file for STMicroelectronics.X-CUBE-BLE1.7.0.0
2024-09-11 23:48:18,426 [ERROR] Engine:463 - C:\Users\Bach\.stm32cubemx\thirdparties\pdsc\emotas.I-CUBE-CANOPEN.1.3.0.pdsc: PDSC version is not supported
2024-09-11 23:48:18,438 [ERROR] Engine:463 - C:\Users\Bach\.stm32cubemx\thirdparties\pdsc\STMicroelectronics.X-CUBE-BLEMGR.3.1.0.pdsc: PDSC version is not supported
2024-09-11 23:48:18,446 [ERROR] Engine:463 - C:\Users\Bach\.stm32cubemx\thirdparties\pdsc\STMicroelectronics.FP-SNS-SMARTAG2.1.2.0.pdsc: PDSC version is not supported
2024-09-11 23:48:18,462 [INFO] LogOutputStream:76 - [STDOUT_REDIRECT] 1 : Invalid condition id : UX_CORESTACK_Condition cause : null
2024-09-11 23:48:18,464 [INFO] LogOutputStream:76 - [STDOUT_REDIRECT] 1 : Invalid condition id : UX_CORESTACK_Condition cause : null
2024-09-11 23:48:18,465 [INFO] LogOutputStream:76 - [STDOUT_REDIRECT] 1 : Invalid condition id : UX_CORESTACK_Condition cause : null
2024-09-11 23:48:18,466 [INFO] LogOutputStream:76 - [STDOUT_REDIRECT] 1 : Invalid condition id : UX_CORESTACK_Condition cause : null
2024-09-11 23:48:18,468 [INFO] LogOutputStream:76 - [STDOUT_REDIRECT] 1 : Invalid condition id : UX_CORESTACK_Condition cause : null
2024-09-11 23:48:18,470 [WARN] PackLoader:238 - Cannot read IP mode file for STMicroelectronics.X-CUBE-AZRTOS-WL.2.0.0
2024-09-11 23:48:18,479 [ERROR] Engine:463 - C:\Users\Bach\.stm32cubemx\thirdparties\pdsc\STMicroelectronics.FP-SNS-MOTENV1.5.0.0.pdsc: PDSC version is not supported
2024-09-11 23:48:18,488 [WARN] PackLoader:238 - Cannot read IP mode file for wolfSSL.I-CUBE-wolfMQTT.1.19.0
2024-09-11 23:48:18,500 [WARN] PackLoader:238 - Cannot read IP mode file for WES.I-CUBE-Cesium.1.3.0
2024-09-11 23:48:18,510 [WARN] PackLoader:238 - Cannot read IP mode file for STMicroelectronics.X-CUBE-BLE2.3.3.0
2024-09-11 23:48:18,521 [ERROR] Engine:463 - C:\Users\Bach\.stm32cubemx\thirdparties\pdsc\STMicroelectronics.X-CUBE-TCPP.4.1.0.pdsc: PDSC version is not supported
2024-09-11 23:48:18,541 [WARN] PackLoader:238 - Cannot read IP mode file for STMicroelectronics.X-CUBE-AZRTOS-G0.1.1.0
2024-09-11 23:48:18,554 [WARN] PackLoader:238 - Cannot read IP mode file for STMicroelectronics.X-CUBE-SAFEA1.1.2.2
2024-09-11 23:48:18,563 [WARN] PackLoader:238 - Cannot read IP mode file for STMicroelectronics.X-CUBE-NFC4.3.0.0
2024-09-11 23:48:18,577 [ERROR] Engine:463 - C:\Users\Bach\.stm32cubemx\thirdparties\pdsc\EmbeddedOffice.I-CUBE-FS-RTOS.1.0.1.pdsc: PDSC version is not supported
2024-09-11 23:48:18,586 [ERROR] Engine:463 - C:\Users\Bach\.stm32cubemx\thirdparties\pdsc\RealThread.X-CUBE-RT-Thread_Nano.4.1.1.pdsc: PDSC version is not supported
2024-09-11 23:48:18,601 [WARN] PackLoader:238 - Cannot read IP mode file for STMicroelectronics.FP-ATR-SIGFOX1.3.2.0
2024-09-11 23:48:18,623 [WARN] PackLoader:238 - Cannot read IP mode file for wolfSSL.I-CUBE-wolfSSL.5.7.2
2024-09-11 23:48:18,639 [WARN] PackLoader:238 - Cannot read IP mode file for STMicroelectronics.X-CUBE-EEPRMA1.5.1.0
2024-09-11 23:48:18,653 [ERROR] Engine:463 - C:\Users\Bach\.stm32cubemx\thirdparties\pdsc\ITTIA_DB.I-CUBE-ITTIADB.8.9.0.pdsc: PDSC version is not supported
2024-09-11 23:48:18,664 [INFO] McuFinderGlobals:52 - Set McuFinderConnectedMode to false
2024-09-11 23:48:18,694 [WARN] PackLoader:238 - Cannot read IP mode file for SEGGER.I-CUBE-embOS.1.3.1
2024-09-11 23:48:18,746 [WARN] PackLoader:238 - Cannot read IP mode file for STMicroelectronics.X-CUBE-ALGOBUILD.1.4.0
2024-09-11 23:48:18,755 [INFO] CrossSelectorPresenter:1330 - Cross Selector saved comparison directory: C:\Users\Bach\.stmcufinder\plugins\mcufinder\mcu\cs_comparisons_mx
2024-09-11 23:48:18,758 [WARN] PackLoader:238 - Cannot read IP mode file for STMicroelectronics.X-CUBE-GNSS1.6.0.0
2024-09-11 23:48:18,760 [INFO] MultiScanPanel:197 - Auto-refresh data requested => check proxy status ongoing
2024-09-11 23:48:18,760 [INFO] MultiScanPanel:201 - Proxy status is invalid
2024-09-11 23:48:18,764 [INFO] FinderPluginLoader:87 - Searching for filters in installed packs
2024-09-11 23:48:18,766 [INFO] DbMcusXml:100 - Load MCU database from C:\Study\Vi x l\STM32CubeIDE_1.7.0\STM32CubeIDE\plugins\com.st.stm32cube.common.mx_6.3.0.202107141111\\db\/mcu/families.xml
2024-09-11 23:48:18,782 [WARN] PackLoader:238 - Cannot read IP mode file for STMicroelectronics.X-CUBE-AZRTOS-F4.1.1.0
2024-09-11 23:48:18,793 [ERROR] Engine:463 - C:\Users\Bach\.stm32cubemx\thirdparties\pdsc\STMicroelectronics.X-CUBE-FREERTOS.1.2.0.pdsc: PDSC version is not supported
2024-09-11 23:48:18,816 [WARN] PackLoader:238 - Cannot read IP mode file for STMicroelectronics.X-CUBE-AZRTOS-L5.2.0.0
2024-09-11 23:48:18,830 [WARN] PackLoader:238 - Cannot read IP mode file for STMicroelectronics.X-CUBE-NFC6.3.1.0
2024-09-11 23:48:18,841 [ERROR] Engine:463 - C:\Users\Bach\.stm32cubemx\thirdparties\pdsc\STMicroelectronics.X-CUBE-DPower.1.2.0.pdsc: PDSC version is not supported
2024-09-11 23:48:18,863 [WARN] PackLoader:238 - Cannot read IP mode file for STMicroelectronics.X-CUBE-AI.9.0.0
2024-09-11 23:48:18,877 [WARN] PackLoader:238 - Cannot read IP mode file for STMicroelectronics.X-CUBE-NFC7.1.0.1
2024-09-11 23:48:18,912 [WARN] ConditionMgr:437 - getConditionDescription Invalid condition id : LAN8742 Phy interface Condition cause : null
2024-09-11 23:48:18,913 [WARN] PackLoader:238 - Cannot read IP mode file for STMicroelectronics.X-CUBE-AZRTOS-L4.2.0.0
2024-09-11 23:48:18,914 [WARN] ConditionMgr:1038 - genDependencies : Invalid condition id : LAN8742 Phy interface Condition cause : null
2024-09-11 23:48:18,914 [WARN] ConditionMgr:1038 - genDependencies : Invalid condition id : LAN8742 Phy interface Condition cause : null
2024-09-11 23:48:18,914 [WARN] ConditionMgr:1038 - genDependencies : Invalid condition id : LAN8742 Phy interface Condition cause : null
2024-09-11 23:48:18,930 [WARN] PackLoader:238 - Cannot read IP mode file for STMicroelectronics.X-CUBE-SFXS2LP1.4.0.0
2024-09-11 23:48:18,970 [WARN] PackLoader:238 - Cannot read IP mode file for STMicroelectronics.X-CUBE-AZRTOS-H7.3.3.0
2024-09-11 23:48:18,998 [WARN] ConditionMgr:437 - getConditionDescription Invalid condition id : UX DEVICE CLASS RTOS Condition cause : null
2024-09-11 23:48:18,998 [WARN] ConditionMgr:437 - getConditionDescription Invalid condition id : UX DEVICE CLASS RTOS Condition cause : null
2024-09-11 23:48:19,001 [WARN] PackLoader:238 - Cannot read IP mode file for STMicroelectronics.X-CUBE-AZRTOS-WB.2.0.0
2024-09-11 23:48:19,002 [WARN] ConditionMgr:1038 - genDependencies : Invalid condition id : UX DEVICE CLASS RTOS Condition cause : null
2024-09-11 23:48:19,002 [WARN] ConditionMgr:1038 - genDependencies : Invalid condition id : UX DEVICE CLASS RTOS Condition cause : null
2024-09-11 23:48:19,003 [WARN] ConditionMgr:1038 - genDependencies : Invalid condition id : UX DEVICE CLASS RTOS Condition cause : null
2024-09-11 23:48:19,003 [WARN] ConditionMgr:1038 - genDependencies : Invalid condition id : UX DEVICE CLASS RTOS Condition cause : null
2024-09-11 23:48:19,003 [WARN] ConditionMgr:1038 - genDependencies : Invalid condition id : UX DEVICE CLASS RTOS Condition cause : null
2024-09-11 23:48:19,018 [ERROR] Engine:463 - C:\Users\Bach\.stm32cubemx\thirdparties\pdsc\STMicroelectronics.FP-SNS-STBOX1.2.0.0.pdsc: PDSC version is not supported
2024-09-11 23:48:19,047 [WARN] PackLoader:238 - Cannot read IP mode file for STMicroelectronics.X-CUBE-SUBG2.5.0.0
2024-09-11 23:48:19,065 [ERROR] Engine:463 - C:\Users\Bach\.stm32cubemx\thirdparties\pdsc\Cesanta.I-CUBE-Mongoose.7.13.0.pdsc: PDSC version is not supported
2024-09-11 23:48:19,092 [WARN] PackLoader:238 - Cannot read IP mode file for STMicroelectronics.X-CUBE-AZRTOS-G4.2.0.0
2024-09-11 23:48:19,110 [WARN] PackLoader:238 - Cannot read IP mode file for STMicroelectronics.X-CUBE-ISPU.2.0.0
2024-09-11 23:48:19,124 [ERROR] Engine:463 - C:\Users\Bach\.stm32cubemx\thirdparties\pdsc\STMicroelectronics.X-CUBE-ALS.1.0.2.pdsc: PDSC version is not supported
2024-09-11 23:48:19,139 [WARN] PackLoader:238 - Cannot read IP mode file for STMicroelectronics.X-CUBE-TOUCHGFX.4.24.0
2024-09-11 23:48:19,153 [WARN] PackLoader:238 - Cannot read IP mode file for wolfSSL.I-CUBE-wolfTPM.3.4.0
2024-09-11 23:48:19,163 [WARN] PackLoader:238 - Cannot read IP mode file for portGmbH.I-Cube-SoM-uGOAL.1.1.0
2024-09-11 23:48:19,213 [WARN] PackLoader:238 - Cannot read IP mode file for STMicroelectronics.X-CUBE-AZRTOS-H7RS.1.0.0
2024-09-11 23:48:19,230 [WARN] PackLoader:238 - Cannot read IP mode file for STMicroelectronics.FP-ATR-ASTRA1.2.0.0
2024-09-11 23:48:19,247 [ERROR] Engine:463 - C:\Users\Bach\.stm32cubemx\thirdparties\pdsc\STMicroelectronics.X-CUBE-TOF1.3.4.2.pdsc: PDSC version is not supported
2024-09-11 23:48:19,261 [ERROR] Engine:463 - C:\Users\Bach\.stm32cubemx\thirdparties\pdsc\Infineon.AIROC-Wi-Fi-Bluetooth-STM32.1.6.1.pdsc: PDSC version is not supported
2024-09-11 23:48:19,273 [WARN] PackLoader:238 - Cannot read IP mode file for wolfSSL.I-CUBE-wolfSSH.1.4.17
2024-09-11 23:48:19,273 [INFO] ThirdParty:915 - Integrity check success = true
2024-09-11 23:48:19,273 [INFO] IntegrityCheckThread:94 - exiting critical section [integrity check]
2024-09-11 23:48:19,273 [INFO] IntegrityCheckThread:97 - End integrity checks thread
2024-09-11 23:48:19,449 [INFO] DbMcusJson:93 - JSON generation date=Tue Nov 16 23:17:54 ICT 2021 (1637079474)
2024-09-11 23:48:19,925 [INFO] DbMcus:175 - Found 1951 MCUs (1903 are supported by CubeMX, 1914 are visible in CubeMX)
2024-09-11 23:48:19,926 [INFO] ApiDb:251 - Load user favorites file C:\Users\Bach/.stm32cubeide/favorites.mcus.txt: 0 item(s)
2024-09-11 23:48:19,926 [INFO] ApiDb:255 - User favorites MCUs=[]
2024-09-11 23:48:19,926 [INFO] DbMcus:187 - Set 0 / 0 favorites MCUs
2024-09-11 23:48:20,289 [INFO] DetailPanel:309 - Set advertising image to C:/Users/Bach/STM32Cube/Repository/\en.prom-stm32h7rs-mcu-finder.jpg
2024-09-11 23:48:20,674 [INFO] DbBoardsPdsc:90 - Found 25 items
2024-09-11 23:48:20,682 [INFO] DbBoardsPdsc:90 - Found 9 items
2024-09-11 23:48:20,691 [INFO] DbBoardsPdsc:90 - Found 33 items
2024-09-11 23:48:20,698 [INFO] DbBoardsPdsc:90 - Found 1 items
2024-09-11 23:48:20,710 [INFO] DbBoardsPdsc:90 - Found 48 items
2024-09-11 23:48:20,722 [INFO] DbBoardsPdsc:90 - Found 43 items
2024-09-11 23:48:20,729 [INFO] DbBoardsPdsc:90 - Found 2 items
2024-09-11 23:48:20,738 [INFO] DbBoardsPdsc:90 - Found 5 items
2024-09-11 23:48:20,740 [WARN] DbBoardsPdsc:254 - Board STM32H7B3I-DK: unknown feature type=Audio, name=, username=Audio stereo codec with Headphone Amp (CS42L51-CNZ), n=1
2024-09-11 23:48:20,740 [WARN] DbBoardsPdsc:254 - Board STM32H735G-DK: unknown feature type=Audio, name=, username=Audio stereo codec with Headphone Amp (WM8994ECS/R), n=1
2024-09-11 23:48:20,741 [WARN] DbBoardsPdsc:254 - Board STM32H7B3I-EVAL: unknown feature type=Audio, name=, username=Multi-Channel Audio Codec (CS42L51-CNZ), n=1
2024-09-11 23:48:20,741 [WARN] DbBoardsPdsc:254 - Board STM32H7B3I-EVAL: unknown feature type=Meter, name=, username=Power-metering and Temperature-monitoring with sigma-delta modulators, n=1
2024-09-11 23:48:20,741 [WARN] DbBoardsPdsc:254 - Board STM32H7B3I-EVAL: unknown feature type=Motor, name=, username=Motor Control, n=1
2024-09-11 23:48:20,741 [WARN] DbBoardsPdsc:254 - Board STM32U575I-EV: unknown feature type=joystick, name=, username=4-direction joystick with selection button, n=1
2024-09-11 23:48:20,781 [INFO] DbBoardsJson:86 - JSON generation date=Tue Nov 16 23:17:54 ICT 2021 (1637079474)
2024-09-11 23:48:20,788 [INFO] DbBoards:117 - Found 167 boards (163 are supported by CubeMX)
2024-09-11 23:48:20,805 [INFO] DbBoardsDocs:143 - JSON generation date=Tue Nov 16 23:17:54 ICT 2021 (1637079474)
2024-09-11 23:48:20,809 [INFO] DbBoardsDocs:79 - Found 209 boards documents
2024-09-11 23:48:20,810 [WARN] DbBoards:127 - board B-L475E-IOT01A2 has no document id list !
2024-09-11 23:48:20,811 [WARN] DbBoards:127 - board NUCLEO-H743ZI has no document id list !
2024-09-11 23:48:20,812 [WARN] DbBoards:127 - board NUCLEO-WL55JC2 has no document id list !
2024-09-11 23:48:20,812 [WARN] DbBoards:127 - board P-NUCLEO-WB55-Nucleo has no document id list !
2024-09-11 23:48:20,812 [WARN] DbBoards:127 - board P-NUCLEO-WB55-USBDongle has no document id list !
2024-09-11 23:48:20,812 [WARN] DbBoards:127 - board STEVAL-BFA001V1B has no document id list !
2024-09-11 23:48:20,812 [WARN] DbBoards:127 - board STEVAL-BFA001V2B has no document id list !
2024-09-11 23:48:20,812 [WARN] DbBoards:127 - board STEVAL-IDP005V1 has no document id list !
2024-09-11 23:48:20,812 [WARN] DbBoards:127 - board STEVAL-IDP005V2 has no document id list !
2024-09-11 23:48:20,812 [WARN] DbBoards:127 - board STEVAL-MKSBOX1V1 has no document id list !
2024-09-11 23:48:20,812 [WARN] DbBoards:127 - board STEVAL-STWINKT1 has no document id list !
2024-09-11 23:48:20,812 [WARN] DbBoards:127 - board STEVAL-STWINKT1B has no document id list !
2024-09-11 23:48:20,813 [WARN] DbBoards:127 - board STM32439I-EVAL2 has no document id list !
2024-09-11 23:48:20,813 [WARN] DbBoards:127 - board STM32F401C-DISCO has no document id list !
2024-09-11 23:48:20,813 [WARN] DbBoards:127 - board STM32F769I-DISC1 has no document id list !
2024-09-11 23:48:20,814 [WARN] DbBoards:127 - board STM32G474E-EVAL1 has no document id list !
2024-09-11 23:48:20,814 [WARN] DbBoards:127 - board STM32H743I-EVAL2 has no document id list !
2024-09-11 23:48:20,814 [WARN] DbBoards:127 - board STM32H747I-DISC1 has no document id list !
2024-09-11 23:48:20,815 [WARN] DbBoards:127 - board STM32H753I-EVAL2 has no document id list !
2024-09-11 23:48:20,815 [WARN] DbBoards:127 - board STM32L-DISCOVERY has no document id list !
2024-09-11 23:48:20,902 [ERROR] DbBoards:189 - Image file not found for board B-U585I-IOT02A: C:\Study\Vi x l\STM32CubeIDE_1.7.0\STM32CubeIDE\plugins\com.st.stm32cube.common.mx_6.3.0.202107141111\\db\/plugins/mcufinder/images/boards/B-U585I-IOT02A_small.jpg
2024-09-11 23:48:20,971 [ERROR] DbBoards:189 - Image file not found for board NUCLEO-F413ZH: C:\Study\Vi x l\STM32CubeIDE_1.7.0\STM32CubeIDE\plugins\com.st.stm32cube.common.mx_6.3.0.202107141111\\db\/plugins/mcufinder/images/boards/nucleo-f413zh_small.jpg
2024-09-11 23:48:21,092 [ERROR] DbBoards:189 - Image file not found for board NUCLEO-L552ZE-Q: C:\Study\Vi x l\STM32CubeIDE_1.7.0\STM32CubeIDE\plugins\com.st.stm32cube.common.mx_6.3.0.202107141111\\db\/plugins/mcufinder/images/boards/nucleo_l552ze_q_small.jpg
2024-09-11 23:48:21,092 [ERROR] DbBoards:189 - Image file not found for board NUCLEO-U575ZI-Q: C:\Study\Vi x l\STM32CubeIDE_1.7.0\STM32CubeIDE\plugins\com.st.stm32cube.common.mx_6.3.0.202107141111\\db\/plugins/mcufinder/images/boards/nucleo-u575zi-q_small.jpg
2024-09-11 23:48:21,092 [ERROR] DbBoards:189 - Image file not found for board NUCLEO-WB15CC: C:\Study\Vi x l\STM32CubeIDE_1.7.0\STM32CubeIDE\plugins\com.st.stm32cube.common.mx_6.3.0.202107141111\\db\/plugins/mcufinder/images/boards/nucleo-wb15cc_small.jpg
2024-09-11 23:48:21,092 [ERROR] DbBoards:189 - Image file not found for board NUCLEO-WB55RG: C:\Study\Vi x l\STM32CubeIDE_1.7.0\STM32CubeIDE\plugins\com.st.stm32cube.common.mx_6.3.0.202107141111\\db\/plugins/mcufinder/images/boards/nucleo-wb55rg_small.jpg
2024-09-11 23:48:21,834 [INFO] ApiDb:251 - Load user favorites file C:\Users\Bach/.stm32cubeide/favorites.boards.txt: 0 item(s)
2024-09-11 23:48:21,834 [INFO] ApiDb:255 - User favorites Boards=[]
2024-09-11 23:48:21,834 [INFO] DbBoards:206 - Set 0 / 0 favorites Boards
2024-09-11 23:48:57,297 [INFO] DbMcusDocs:143 - JSON generation date=Tue Nov 16 23:17:54 ICT 2021 (1637079474)
2024-09-11 23:48:57,454 [INFO] DbMcusDocs:79 - Found 682 MCUs documents
2024-09-11 23:49:43,323 [INFO] MainUpdater:2671 - connection check result : 10
2024-09-11 23:49:43,323 [INFO] MainUpdater:2671 - connection check result : 10
2024-09-11 23:49:43,366 [INFO] MicroXplorer:448 - Change Database Path : 
2024-09-11 23:49:43,366 [INFO] MicroXplorer:478 - Change Database Version : DB.6.0.30
2024-09-11 23:49:43,366 [WARN] ThirdParty:813 - waiting for thirdparty lock release [close project]
2024-09-11 23:49:43,366 [INFO] ThirdParty:815 - entering critical section [close project]
2024-09-11 23:49:43,368 [INFO] ThirdParty:825 - exiting critical section [close project]
2024-09-11 23:49:43,371 [INFO] PinOutPanel:1463 - setPackage(No Configuration,No Configuration)
2024-09-11 23:49:43,372 [INFO] UtilMem:74 - Begin LoadConfig() Used Memory: 653698080 Bytes (694157312)
2024-09-11 23:49:43,373 [INFO] MicroXplorer:448 - Change Database Path : 
2024-09-11 23:49:43,373 [INFO] MicroXplorer:478 - Change Database Version : DB.6.0.30
2024-09-11 23:49:43,373 [INFO] OpenFileManager:313 - Change cursor
2024-09-11 23:49:44,066 [INFO] Context:592 - Trying to add GPIOservice into a context  which must be forbidden
2024-09-11 23:49:44,254 [INFO] ImportTextPane:167 - (OptionalMessage_ERROR) Unable to find key (Mcu.ThirdPartyNb) in loaded IOC file
2024-09-11 23:49:44,254 [INFO] ImportTextPane:167 - (OptionalMessage_ERROR) Unable to find key (Mcu.PinsNb) in loaded IOC file
2024-09-11 23:49:44,254 [INFO] ImportTextPane:167 - (OptionalMessage_ERROR) Unable to find key (Mcu.IPNb) in loaded IOC file
2024-09-11 23:49:44,312 [WARN] ApiManager:304 - Cannot register API 'Board Extension:GNSS1A1' from pack STMicroelectronics.X-CUBE-GNSS1.6.0.0: no header file found
2024-09-11 23:49:44,312 [WARN] ApiManager:304 - Cannot register API 'Board Support:Custom' from pack STMicroelectronics.X-CUBE-GNSS1.6.0.0: no header file found
2024-09-11 23:49:44,312 [WARN] ApiManager:304 - Cannot register API 'Data Exchange:lib_gnss' from pack STMicroelectronics.X-CUBE-GNSS1.6.0.0: no header file found
2024-09-11 23:49:44,326 [WARN] ApiManager:304 - Cannot register API 'Board Extension:NFC06A1' from pack STMicroelectronics.X-CUBE-NFC6.3.1.0: no header file found
2024-09-11 23:49:44,326 [WARN] ApiManager:304 - Cannot register API 'Board Extension:NFC08A1' from pack STMicroelectronics.X-CUBE-NFC6.3.1.0: no header file found
2024-09-11 23:49:44,487 [WARN] ApiManager:304 - Cannot register API 'Board Extension:IKS01A3' from pack STMicroelectronics.X-CUBE-MEMS1.11.0.0: no header file found
2024-09-11 23:49:44,487 [WARN] ApiManager:304 - Cannot register API 'Board Extension:IKS02A1' from pack STMicroelectronics.X-CUBE-MEMS1.11.0.0: no header file found
2024-09-11 23:49:44,487 [WARN] ApiManager:304 - Cannot register API 'Board Extension:IKS4A1' from pack STMicroelectronics.X-CUBE-MEMS1.11.0.0: no header file found
2024-09-11 23:49:44,491 [INFO] RtosManager:484 - Registered RTOS mode: class=CMSIS, group=RTOS, mode=CMSIS_V1, owner=FREERTOS
2024-09-11 23:49:44,491 [INFO] RtosManager:484 - Registered RTOS mode: class=CMSIS, group=RTOS2, mode=CMSIS_V2, owner=FREERTOS
2024-09-11 23:49:44,491 [INFO] RtosManager:484 - Registered RTOS mode: class=RTOS, group=Core, mode=CMSIS_V1, owner=FREERTOS
2024-09-11 23:49:44,491 [INFO] RtosManager:484 - Registered RTOS mode: class=RTOS, group=Core, mode=CMSIS_V2, owner=FREERTOS
2024-09-11 23:49:44,491 [WARN] ModelIntegratedComponent:181 - Missing modes for component STMicroelectronics:FreeRTOS:0.0.1:STMicroelectronics:RTOS:FreeRTOS:Core:::10.2.0:
2024-09-11 23:49:44,492 [WARN] ApiManager:304 - Cannot register API 'Board Extension:STSAFEA1' from pack STMicroelectronics.X-CUBE-SAFEA1.1.2.2: no header file found
2024-09-11 23:49:44,492 [WARN] ApiManager:304 - Cannot register API 'Board Part:STSAFEA110' from pack STMicroelectronics.X-CUBE-SAFEA1.1.2.2: no header file found
2024-09-11 23:49:44,492 [WARN] ApiManager:304 - Cannot register API 'Security:ST_Cryptolib' from pack STMicroelectronics.X-CUBE-SAFEA1.1.2.2: no header file found
2024-09-11 23:49:44,492 [WARN] ApiManager:304 - Cannot register API 'Security:MbedTLS' from pack STMicroelectronics.X-CUBE-SAFEA1.1.2.2: no header file found
2024-09-11 23:49:44,494 [WARN] ApiManager:304 - Cannot register API 'Board Extension:NFC04A1' from pack STMicroelectronics.X-CUBE-NFC4.3.0.0: no header file found
2024-09-11 23:49:44,495 [WARN] ApiManager:304 - Cannot register API 'Board Extension:S2868A1' from pack STMicroelectronics.X-CUBE-SUBG2.5.0.0: no header file found
2024-09-11 23:49:44,495 [WARN] ApiManager:304 - Cannot register API 'Board Extension:S2868A2' from pack STMicroelectronics.X-CUBE-SUBG2.5.0.0: no header file found
2024-09-11 23:49:44,495 [WARN] ApiManager:304 - Cannot register API 'Board Extension:S2915A1' from pack STMicroelectronics.X-CUBE-SUBG2.5.0.0: no header file found
2024-09-11 23:49:44,497 [WARN] ApiManager:304 - Cannot register API 'Wireless:BlueNRG-MS' from pack STMicroelectronics.X-CUBE-BLE1.7.0.0: no header file found
2024-09-11 23:49:44,497 [WARN] ApiManager:304 - Cannot register API 'Board Extension:EEPRMA2' from pack STMicroelectronics.X-CUBE-EEPRMA1.5.1.0: no header file found
2024-09-11 23:49:44,497 [WARN] ApiManager:304 - Cannot register API 'Board Extension:PGEEZ1' from pack STMicroelectronics.X-CUBE-EEPRMA1.5.1.0: no header file found
2024-09-11 23:49:44,497 [WARN] ApiManager:304 - Cannot register API 'Board Extension:EEICA1' from pack STMicroelectronics.X-CUBE-EEPRMA1.5.1.0: no header file found
2024-09-11 23:49:44,497 [WARN] ApiManager:304 - Cannot register API 'Board Part:M24' from pack STMicroelectronics.X-CUBE-EEPRMA1.5.1.0: no header file found
2024-09-11 23:49:44,498 [WARN] ApiManager:304 - Cannot register API 'Board Part:M95' from pack STMicroelectronics.X-CUBE-EEPRMA1.5.1.0: no header file found
2024-09-11 23:49:44,498 [WARN] ApiManager:304 - Cannot register API 'Board Part:M95P32' from pack STMicroelectronics.X-CUBE-EEPRMA1.5.1.0: no header file found
2024-09-11 23:49:44,498 [WARN] ApiManager:304 - Cannot register API 'Board Part:M24256E-F' from pack STMicroelectronics.X-CUBE-EEPRMA1.5.1.0: no header file found
2024-09-11 23:49:44,498 [WARN] ApiManager:304 - Cannot register API 'Board Part:M24M01E-F' from pack STMicroelectronics.X-CUBE-EEPRMA1.5.1.0: no header file found
2024-09-11 23:49:44,498 [WARN] ApiManager:304 - Cannot register API 'PGEEZ1:SPI' from pack STMicroelectronics.X-CUBE-EEPRMA1.5.1.0: no header file found
2024-09-11 23:49:44,498 [WARN] ApiManager:304 - Cannot register API 'PGEEZ1:QDSPI' from pack STMicroelectronics.X-CUBE-EEPRMA1.5.1.0: no header file found
2024-09-11 23:49:44,498 [WARN] ModelIntegratedComponent:60 - No mode defined for component null
2024-09-11 23:49:44,498 [WARN] ModelIntegratedComponent:60 - No mode defined for component null
2024-09-11 23:49:44,498 [WARN] ModelIntegratedComponent:60 - No mode defined for component null
2024-09-11 23:49:44,498 [WARN] ModelIntegratedComponent:60 - No mode defined for component null
2024-09-11 23:49:44,499 [WARN] ModelIntegratedComponent:60 - No mode defined for component null
2024-09-11 23:49:44,499 [WARN] ModelIntegratedComponent:60 - No mode defined for component null
2024-09-11 23:49:44,499 [WARN] ModelIntegratedComponent:60 - No mode defined for component null
2024-09-11 23:49:44,499 [WARN] ModelIntegratedComponent:60 - No mode defined for component null
2024-09-11 23:49:44,499 [WARN] ModelIntegratedComponent:60 - No mode defined for component null
2024-09-11 23:49:44,499 [WARN] ModelIntegratedComponent:60 - No mode defined for component null
2024-09-11 23:49:44,499 [WARN] ModelIntegratedComponent:60 - No mode defined for component null
2024-09-11 23:49:44,499 [WARN] ModelIntegratedComponent:60 - No mode defined for component null
2024-09-11 23:49:44,499 [WARN] ModelIntegratedComponent:60 - No mode defined for component null
2024-09-11 23:49:44,499 [WARN] ModelIntegratedComponent:60 - No mode defined for component null
2024-09-11 23:49:44,499 [WARN] ModelIntegratedComponent:60 - No mode defined for component null
2024-09-11 23:49:44,499 [WARN] ModelIntegratedComponent:60 - No mode defined for component null
2024-09-11 23:49:44,499 [WARN] ModelIntegratedComponent:60 - No mode defined for component null
2024-09-11 23:49:44,499 [WARN] ModelIntegratedComponent:60 - No mode defined for component null
2024-09-11 23:49:44,499 [WARN] ModelIntegratedComponent:60 - No mode defined for component null
2024-09-11 23:49:44,499 [WARN] ModelIntegratedComponent:60 - No mode defined for component null
2024-09-11 23:49:44,499 [WARN] ModelIntegratedComponent:60 - No mode defined for component null
2024-09-11 23:49:44,499 [WARN] ModelIntegratedComponent:60 - No mode defined for component null
2024-09-11 23:49:44,499 [WARN] ModelIntegratedComponent:60 - No mode defined for component null
2024-09-11 23:49:44,499 [WARN] ModelIntegratedComponent:60 - No mode defined for component null
2024-09-11 23:49:44,499 [WARN] ModelIntegratedComponent:60 - No mode defined for component null
2024-09-11 23:49:44,499 [WARN] ModelIntegratedComponent:60 - No mode defined for component null
2024-09-11 23:49:44,499 [WARN] ModelIntegratedComponent:60 - No mode defined for component null
2024-09-11 23:49:44,499 [WARN] ModelIntegratedComponent:60 - No mode defined for component null
2024-09-11 23:49:44,499 [WARN] ModelIntegratedComponent:60 - No mode defined for component null
2024-09-11 23:49:44,499 [WARN] ModelIntegratedComponent:60 - No mode defined for component null
2024-09-11 23:49:44,499 [WARN] ModelIntegratedComponent:60 - No mode defined for component null
2024-09-11 23:49:44,501 [WARN] ApiManager:304 - Cannot register API 'Board Extension:NFC07A1' from pack STMicroelectronics.X-CUBE-NFC7.1.0.1: no header file found
2024-09-11 23:49:44,506 [WARN] ApiManager:304 - Cannot register API 'Board Extension:S2868A1' from pack STMicroelectronics.X-CUBE-SFXS2LP1.4.0.0: no header file found
2024-09-11 23:49:44,506 [WARN] ApiManager:304 - Cannot register API 'Board Extension:S2868A2' from pack STMicroelectronics.X-CUBE-SFXS2LP1.4.0.0: no header file found
2024-09-11 23:49:44,506 [WARN] ApiManager:304 - Cannot register API 'Board Extension:S2915A1' from pack STMicroelectronics.X-CUBE-SFXS2LP1.4.0.0: no header file found
2024-09-11 23:49:44,507 [WARN] ApiManager:304 - Cannot register API 'Wireless:BlueNRG-2' from pack STMicroelectronics.X-CUBE-BLE2.3.3.0: no header file found
2024-09-11 23:49:46,172 [INFO] UtilMem:74 - End LoadConfig() Used Memory: 635569136 Bytes (694157312)
2024-09-11 23:49:46,182 [WARN] ThirdParty:779 - waiting for thirdparty lock release [change project]
2024-09-11 23:49:46,182 [INFO] ThirdParty:781 - entering critical section [change project]
2024-09-11 23:49:46,182 [INFO] ThirdParty:967 - CMSIS Pack Vendor :STMicroelectronics X-CUBE-AZRTOS-H7 3.3.0
2024-09-11 23:49:46,182 [INFO] ThirdParty:967 - CMSIS Pack Vendor :STMicroelectronics X-CUBE-GNSS1 6.0.0
2024-09-11 23:49:46,182 [INFO] ThirdParty:967 - CMSIS Pack Vendor :STMicroelectronics USB_HOST 2.0.0
2024-09-11 23:49:46,182 [INFO] ThirdParty:967 - CMSIS Pack Vendor :STMicroelectronics X-CUBE-AZRTOS-F4 1.1.0
2024-09-11 23:49:46,183 [INFO] ThirdParty:967 - CMSIS Pack Vendor :STMicroelectronics USB_DEVICE 3.0.0
2024-09-11 23:49:46,183 [INFO] ThirdParty:967 - CMSIS Pack Vendor :STMicroelectronics X-CUBE-AZRTOS-WB 2.0.0
2024-09-11 23:49:46,183 [INFO] ThirdParty:967 - CMSIS Pack Vendor :STMicroelectronics X-CUBE-AZRTOS-F7 1.1.0
2024-09-11 23:49:46,183 [INFO] ThirdParty:967 - CMSIS Pack Vendor :STMicroelectronics X-CUBE-AZRTOS-L5 2.0.0
2024-09-11 23:49:46,183 [INFO] ThirdParty:967 - CMSIS Pack Vendor :STMicroelectronics USB_DEVICE 2.0.0
2024-09-11 23:49:46,183 [INFO] ThirdParty:967 - CMSIS Pack Vendor :STMicroelectronics X-CUBE-NFC6 3.1.0
2024-09-11 23:49:46,183 [INFO] ThirdParty:967 - CMSIS Pack Vendor :STMicroelectronics X-CUBE-MEMS1 11.0.0
2024-09-11 23:49:46,183 [INFO] ThirdParty:967 - CMSIS Pack Vendor :STMicroelectronics FreeRTOS 0.0.1
2024-09-11 23:49:46,183 [INFO] ThirdParty:967 - CMSIS Pack Vendor :STMicroelectronics X-CUBE-AZRTOS-G0 1.1.0
2024-09-11 23:49:46,183 [INFO] ThirdParty:967 - CMSIS Pack Vendor :STMicroelectronics X-CUBE-SAFEA1 1.2.2
2024-09-11 23:49:46,183 [INFO] ThirdParty:967 - CMSIS Pack Vendor :STMicroelectronics X-CUBE-NFC4 3.0.0
2024-09-11 23:49:46,183 [INFO] ThirdParty:967 - CMSIS Pack Vendor :STMicroelectronics X-CUBE-SUBG2 5.0.0
2024-09-11 23:49:46,183 [INFO] ThirdParty:967 - CMSIS Pack Vendor :STMicroelectronics lwIP 2.0.3
2024-09-11 23:49:46,183 [INFO] ThirdParty:967 - CMSIS Pack Vendor :STMicroelectronics USB_HOST 1.0.0
2024-09-11 23:49:46,183 [INFO] ThirdParty:967 - CMSIS Pack Vendor :STMicroelectronics X-CUBE-AI 9.0.0
2024-09-11 23:49:46,183 [INFO] ThirdParty:967 - CMSIS Pack Vendor :STMicroelectronics X-CUBE-AZRTOS-G4 2.0.0
2024-09-11 23:49:46,184 [INFO] ThirdParty:967 - CMSIS Pack Vendor :STMicroelectronics PDM2PCM 3.1.0
2024-09-11 23:49:46,184 [INFO] ThirdParty:967 - CMSIS Pack Vendor :STMicroelectronics PDM2PCM 3.3.0
2024-09-11 23:49:46,184 [INFO] ThirdParty:967 - CMSIS Pack Vendor :STMicroelectronics X-CUBE-BLE1 7.0.0
2024-09-11 23:49:46,184 [INFO] ThirdParty:967 - CMSIS Pack Vendor :STMicroelectronics FP-ATR-SIGFOX1 3.2.0
2024-09-11 23:49:46,184 [INFO] ThirdParty:967 - CMSIS Pack Vendor :wolfSSL I-CUBE-wolfSSL 5.7.2
2024-09-11 23:49:46,184 [INFO] ThirdParty:967 - CMSIS Pack Vendor :STMicroelectronics X-CUBE-ISPU 2.0.0
2024-09-11 23:49:46,184 [INFO] ThirdParty:967 - CMSIS Pack Vendor :STMicroelectronics X-CUBE-EEPRMA1 5.1.0
2024-09-11 23:49:46,184 [INFO] ThirdParty:967 - CMSIS Pack Vendor :STMicroelectronics HAL Drivers 0.0.0
2024-09-11 23:49:46,184 [INFO] ThirdParty:967 - CMSIS Pack Vendor :STMicroelectronics MBEDTLS 2.16.2
2024-09-11 23:49:46,184 [INFO] ThirdParty:967 - CMSIS Pack Vendor :STMicroelectronics X-CUBE-NFC7 1.0.1
2024-09-11 23:49:46,184 [INFO] ThirdParty:967 - CMSIS Pack Vendor :STMicroelectronics MBEDTLS 2.14.1
2024-09-11 23:49:46,184 [INFO] ThirdParty:967 - CMSIS Pack Vendor :STMicroelectronics X-CUBE-TOUCHGFX 4.24.0
2024-09-11 23:49:46,184 [INFO] ThirdParty:967 - CMSIS Pack Vendor :wolfSSL I-CUBE-wolfTPM 3.4.0
2024-09-11 23:49:46,184 [INFO] ThirdParty:967 - CMSIS Pack Vendor :portGmbH I-Cube-SoM-uGOAL 1.1.0
2024-09-11 23:49:46,184 [INFO] ThirdParty:967 - CMSIS Pack Vendor :STMicroelectronics X-CUBE-AZRTOS-WL 2.0.0
2024-09-11 23:49:46,184 [INFO] ThirdParty:967 - CMSIS Pack Vendor :SEGGER I-CUBE-embOS 1.3.1
2024-09-11 23:49:46,184 [INFO] ThirdParty:967 - CMSIS Pack Vendor :STMicroelectronics X-CUBE-ALGOBUILD 1.4.0
2024-09-11 23:49:46,184 [INFO] ThirdParty:967 - CMSIS Pack Vendor :STMicroelectronics USB_DEVICE 1.0.0
2024-09-11 23:49:46,184 [INFO] ThirdParty:967 - CMSIS Pack Vendor :STMicroelectronics X-CUBE-AZRTOS-H7RS 1.0.0
2024-09-11 23:49:46,184 [INFO] ThirdParty:967 - CMSIS Pack Vendor :wolfSSL I-CUBE-wolfMQTT 1.19.0
2024-09-11 23:49:46,184 [INFO] ThirdParty:967 - CMSIS Pack Vendor :STMicroelectronics X-CUBE-AZRTOS-L4 2.0.0
2024-09-11 23:49:46,185 [INFO] ThirdParty:967 - CMSIS Pack Vendor :STMicroelectronics ThreadX 0.0.2
2024-09-11 23:49:46,185 [INFO] ThirdParty:967 - CMSIS Pack Vendor :WES I-CUBE-Cesium 1.3.0
2024-09-11 23:49:46,185 [INFO] ThirdParty:967 - CMSIS Pack Vendor :STMicroelectronics FP-ATR-ASTRA1 2.0.0
2024-09-11 23:49:46,185 [INFO] ThirdParty:967 - CMSIS Pack Vendor :STMicroelectronics lwIP 2.1.2
2024-09-11 23:49:46,185 [INFO] ThirdParty:967 - CMSIS Pack Vendor :STMicroelectronics X-CUBE-SFXS2LP1 4.0.0
2024-09-11 23:49:46,185 [INFO] ThirdParty:967 - CMSIS Pack Vendor :STMicroelectronics X-CUBE-BLE2 3.3.0
2024-09-11 23:49:46,185 [INFO] ThirdParty:967 - CMSIS Pack Vendor :STMicroelectronics PDM2PCM 3.2.0
2024-09-11 23:49:46,185 [INFO] ThirdParty:967 - CMSIS Pack Vendor :wolfSSL I-CUBE-wolfSSH 1.4.17
2024-09-11 23:49:46,185 [INFO] ThirdParty:787 - exiting critical section [change project]
2024-09-11 23:49:46,359 [INFO] PinOutPanel:1463 - setPackage(No Configuration,No Configuration)
2024-09-11 23:49:46,360 [INFO] PinOutPanel:1463 - setPackage(STM32F103C6Ux,UFQFPN48)
2024-09-11 23:49:46,695 [INFO] UtilMem:74 - Before build in PCC Used Memory: 671038688 Bytes (694157312)
2024-09-11 23:49:47,155 [INFO] UtilMem:74 - After build in PCC Used Memory: 673864824 Bytes (694157312)
2024-09-11 23:49:47,176 [INFO] IPUIPlugin:74 - create IPUIPlugin
2024-09-11 23:49:47,176 [INFO] IPUIPlugin:74 - create IPUIPlugin
2024-09-11 23:49:47,176 [INFO] IPUIPlugin:74 - create IPUIPlugin
2024-09-11 23:49:47,177 [INFO] IPUIPlugin:74 - create IPUIPlugin
2024-09-11 23:49:47,177 [INFO] IPUIPlugin:74 - create IPUIPlugin
2024-09-11 23:49:47,177 [INFO] IPUIPlugin:74 - create IPUIPlugin
2024-09-11 23:49:47,177 [INFO] IPUIPlugin:74 - create IPUIPlugin
2024-09-11 23:49:47,177 [INFO] IPUIPlugin:74 - create IPUIPlugin
2024-09-11 23:49:47,177 [INFO] IPUIPlugin:74 - create IPUIPlugin
2024-09-11 23:49:47,177 [INFO] IPUIPlugin:74 - create IPUIPlugin
2024-09-11 23:49:47,178 [INFO] IPUIPlugin:74 - create IPUIPlugin
2024-09-11 23:49:47,178 [INFO] IPUIPlugin:74 - create IPUIPlugin
2024-09-11 23:49:47,178 [INFO] IPUIPlugin:74 - create IPUIPlugin
2024-09-11 23:49:47,179 [INFO] IPUIPlugin:74 - create IPUIPlugin
2024-09-11 23:49:47,179 [INFO] IPUIPlugin:74 - create IPUIPlugin
2024-09-11 23:49:47,179 [INFO] IPUIPlugin:74 - create IPUIPlugin
2024-09-11 23:49:47,180 [INFO] IPUIPlugin:74 - create IPUIPlugin
2024-09-11 23:49:47,180 [INFO] IPUIPlugin:74 - create IPUIPlugin
2024-09-11 23:49:47,180 [INFO] IPUIPlugin:74 - create IPUIPlugin
2024-09-11 23:49:47,181 [INFO] IPUIPlugin:74 - create IPUIPlugin
2024-09-11 23:49:47,181 [INFO] IPUIPlugin:74 - create IPUIPlugin
2024-09-11 23:49:47,182 [INFO] IPUIPlugin:74 - create IPUIPlugin
2024-09-11 23:49:47,182 [INFO] IPUIPlugin:74 - create IPUIPlugin
2024-09-11 23:49:47,311 [INFO] OpenFileManager:333 - Restore cursor
2024-09-11 23:49:47,488 [INFO] UtilMem:74 - End SaveConfig() Used Memory: 665004464 Bytes (694157312)
2024-09-11 23:49:47,523 [INFO] UtilMem:74 - End SaveConfig() Used Memory: 648617728 Bytes (694157312)
2024-09-11 23:49:47,806 [INFO] BlockDiagram:2740 - set Specific Code input for plugin: NVIC
2024-09-11 23:49:47,806 [INFO] BlockDiagram:2740 - set Specific Code input for plugin: SYS
2024-09-11 23:49:47,806 [INFO] BlockDiagram:2740 - set Specific Code input for plugin: RCC
2024-09-11 23:49:47,807 [INFO] CodeGenerator:663 - code generatio: config db path: C:\Study\Vi x l\STM32CubeIDE_1.7.0\STM32CubeIDE\plugins\com.st.stm32cube.common.mx_6.3.0.202107141111\\db\
2024-09-11 23:49:48,097 [INFO] CodeEngine:239 - oldGeneratedFile, C:\Study\Lab 1\ex1\exercise1\MXTmpFiles\license.tmp_save
2024-09-11 23:49:48,444 [INFO] CodeEngine:257 - Generated code: C:\Study\Lab 1\ex1\exercise1\MXTmpFiles\license.tmp
2024-09-11 23:49:48,548 [INFO] CodeEngine:239 - oldGeneratedFile, C:\Study\Lab 1\ex1\exercise1\Core\Src\stm32f1xx_it.c_save
2024-09-11 23:49:48,667 [INFO] CodeEngine:257 - Generated code: C:\Study\Lab 1\ex1\exercise1\Core\Src\stm32f1xx_it.c
2024-09-11 23:49:48,674 [INFO] CodeEngine:239 - oldGeneratedFile, C:\Study\Lab 1\ex1\exercise1\Core\Inc\stm32f1xx_it.h_save
2024-09-11 23:49:48,725 [INFO] CodeEngine:257 - Generated code: C:\Study\Lab 1\ex1\exercise1\Core\Inc\stm32f1xx_it.h
2024-09-11 23:49:48,754 [INFO] CodeEngine:239 - oldGeneratedFile, C:\Study\Lab 1\ex1\exercise1\Core\Src\stm32f1xx_hal_msp.c_save
2024-09-11 23:49:48,879 [INFO] CodeEngine:257 - Generated code: C:\Study\Lab 1\ex1\exercise1\Core\Src\stm32f1xx_hal_msp.c
2024-09-11 23:49:48,889 [INFO] CodeEngine:239 - oldGeneratedFile, C:\Study\Lab 1\ex1\exercise1\MXTmpFiles\system.tmp_save
2024-09-11 23:49:48,974 [INFO] CodeEngine:257 - Generated code: C:\Study\Lab 1\ex1\exercise1\MXTmpFiles\system.tmp
2024-09-11 23:49:48,989 [INFO] CodeEngine:239 - oldGeneratedFile, C:\Study\Lab 1\ex1\exercise1\Core\Inc\stm32f1xx_hal_conf.h_save
2024-09-11 23:49:49,102 [INFO] CodeEngine:257 - Generated code: C:\Study\Lab 1\ex1\exercise1\Core\Inc\stm32f1xx_hal_conf.h
2024-09-11 23:49:49,145 [INFO] CodeEngine:239 - oldGeneratedFile, C:\Study\Lab 1\ex1\exercise1\Core\Inc\main.h_save
2024-09-11 23:49:49,213 [INFO] CodeEngine:257 - Generated code: C:\Study\Lab 1\ex1\exercise1\Core\Inc\main.h
2024-09-11 23:49:49,226 [INFO] CodeEngine:239 - oldGeneratedFile, C:\Study\Lab 1\ex1\exercise1\Core\Src\main.c_save
2024-09-11 23:49:49,292 [INFO] CodeEngine:257 - Generated code: C:\Study\Lab 1\ex1\exercise1\Core\Src\main.c
2024-09-11 23:49:50,004 [INFO] ProjectBuilder:2578 - Time for Copy HAL[1] : 86mS.
2024-09-11 23:49:50,010 [INFO] ProjectBuilder:3622 - Project Generator version: 3.14.1
2024-09-11 23:49:50,398 [INFO] ConfigFileManager:1271 - The Die is : DIE412
2024-09-11 23:49:50,423 [INFO] ApiDbMcu:468 - Load IP Config File for FATFS
2024-09-11 23:49:50,461 [INFO] ApiDbMcu:468 - Load IP Config File for FREERTOS
2024-09-11 23:49:50,497 [INFO] ApiDbMcu:468 - Load IP Config File for USB_DEVICE
2024-09-11 23:49:54,764 [INFO] ProjectBuilder:3789 - Time for Generating toolchain IDE Files: 4754mS.
2024-09-11 23:49:54,765 [INFO] ProjectBuilder:2457 - Time for Copy CMSIS : 1mS.
2024-09-11 23:49:54,767 [INFO] ProjectBuilder:2457 - Time for Copy CMSIS : 1mS.
2024-09-11 23:49:55,873 [INFO] McuFinderGlobals:52 - Set McuFinderConnectedMode to true
2024-09-11 23:49:55,875 [INFO] ApiDb:276 - Save user favorites file C:\Users\Bach/.stm32cubeide/favorites.mcus.txt: 0 item(s)
2024-09-11 23:49:55,875 [INFO] ApiDb:280 - User favorites MCUs=[]
2024-09-11 23:51:44,753 [INFO] UtilMem:74 - End SaveConfig() Used Memory: 894491016 Bytes (1073741824)
2024-09-11 23:51:46,311 [INFO] UtilMem:74 - End SaveConfig() Used Memory: 929361744 Bytes (1073741824)
2024-09-11 23:51:48,574 [INFO] UtilMem:74 - End SaveConfig() Used Memory: 885351664 Bytes (1073741824)
2024-09-11 23:51:48,812 [INFO] BlockDiagram:2740 - set Specific Code input for plugin: NVIC
2024-09-11 23:51:48,812 [INFO] BlockDiagram:2740 - set Specific Code input for plugin: SYS
2024-09-11 23:51:48,812 [INFO] BlockDiagram:2740 - set Specific Code input for plugin: GPIO
2024-09-11 23:51:48,812 [INFO] BlockDiagram:2740 - set Specific Code input for plugin: RCC
2024-09-11 23:51:48,813 [INFO] CodeGenerator:663 - code generatio: config db path: C:\Study\Vi x l\STM32CubeIDE_1.7.0\STM32CubeIDE\plugins\com.st.stm32cube.common.mx_6.3.0.202107141111\\db\
2024-09-11 23:51:49,078 [INFO] CodeEngine:239 - oldGeneratedFile, C:\Study\Lab 1\ex1\exercise1\MXTmpFiles\license.tmp_save
2024-09-11 23:51:49,149 [INFO] CodeEngine:257 - Generated code: C:\Study\Lab 1\ex1\exercise1\MXTmpFiles\license.tmp
2024-09-11 23:51:49,200 [INFO] CodeEngine:239 - oldGeneratedFile, C:\Study\Lab 1\ex1\exercise1\MXTmpFiles\gpio.tmp_save
2024-09-11 23:51:49,243 [INFO] CodeEngine:257 - Generated code: C:\Study\Lab 1\ex1\exercise1\MXTmpFiles\gpio.tmp
2024-09-11 23:51:49,258 [INFO] CodeEngine:239 - oldGeneratedFile, C:\Study\Lab 1\ex1\exercise1\Core\Src\stm32f1xx_it.c_save
2024-09-11 23:51:49,311 [INFO] CodeEngine:257 - Generated code: C:\Study\Lab 1\ex1\exercise1\Core\Src\stm32f1xx_it.c
2024-09-11 23:51:49,314 [INFO] CodeEngine:239 - oldGeneratedFile, C:\Study\Lab 1\ex1\exercise1\Core\Inc\stm32f1xx_it.h_save
2024-09-11 23:51:49,346 [INFO] CodeEngine:257 - Generated code: C:\Study\Lab 1\ex1\exercise1\Core\Inc\stm32f1xx_it.h
2024-09-11 23:51:49,357 [INFO] CodeEngine:239 - oldGeneratedFile, C:\Study\Lab 1\ex1\exercise1\Core\Src\stm32f1xx_hal_msp.c_save
2024-09-11 23:51:49,405 [INFO] CodeEngine:257 - Generated code: C:\Study\Lab 1\ex1\exercise1\Core\Src\stm32f1xx_hal_msp.c
2024-09-11 23:51:49,406 [INFO] CodeEngine:239 - oldGeneratedFile, C:\Study\Lab 1\ex1\exercise1\MXTmpFiles\system.tmp_save
2024-09-11 23:51:49,465 [INFO] CodeEngine:257 - Generated code: C:\Study\Lab 1\ex1\exercise1\MXTmpFiles\system.tmp
2024-09-11 23:51:49,481 [INFO] CodeEngine:239 - oldGeneratedFile, C:\Study\Lab 1\ex1\exercise1\Core\Inc\stm32f1xx_hal_conf.h_save
2024-09-11 23:51:49,574 [INFO] CodeEngine:257 - Generated code: C:\Study\Lab 1\ex1\exercise1\Core\Inc\stm32f1xx_hal_conf.h
2024-09-11 23:51:49,611 [INFO] CodeEngine:239 - oldGeneratedFile, C:\Study\Lab 1\ex1\exercise1\Core\Inc\main.h_save
2024-09-11 23:51:49,723 [INFO] CodeEngine:257 - Generated code: C:\Study\Lab 1\ex1\exercise1\Core\Inc\main.h
2024-09-11 23:51:49,736 [INFO] CodeEngine:239 - oldGeneratedFile, C:\Study\Lab 1\ex1\exercise1\Core\Src\main.c_save
2024-09-11 23:51:49,861 [INFO] CodeEngine:257 - Generated code: C:\Study\Lab 1\ex1\exercise1\Core\Src\main.c
2024-09-11 23:51:50,425 [INFO] ProjectBuilder:2578 - Time for Copy HAL[1] : 68mS.
2024-09-11 23:51:50,428 [INFO] ProjectBuilder:3622 - Project Generator version: 3.14.1
2024-09-11 23:51:50,752 [INFO] ConfigFileManager:1271 - The Die is : DIE412
2024-09-11 23:51:52,703 [INFO] ProjectBuilder:3789 - Time for Generating toolchain IDE Files: 2275mS.
2024-09-11 23:51:52,704 [INFO] ProjectBuilder:2457 - Time for Copy CMSIS : 1mS.
2024-09-11 23:51:52,705 [INFO] ProjectBuilder:2457 - Time for Copy CMSIS : 0mS.
