2024-09-12 21:04:17,832 [INFO] Activator:177 - 


2024-09-12 21:04:17,832 [INFO] Activator:178 - !SESSION log4j initialized
2024-09-12 21:04:27,538 [INFO] McuFinderGlobals:39 - Set McuFinder mode to 2 (CubeIDE integrated)
2024-09-12 21:04:28,179 [INFO] ApplicationProperties:181 - Using Application install path: C:\Study\Vi x l\STM32CubeIDE_1.7.0\STM32CubeIDE\plugins\com.st.stm32cube.common.mx_6.3.0.202107141111
2024-09-12 21:04:28,204 [INFO] DbMcusXml:74 - Set database path to: C:\Study\Vi x l\STM32CubeIDE_1.7.0\STM32CubeIDE\plugins\com.st.stm32cube.common.mx_6.3.0.202107141111\\db\/mcu/
2024-09-12 21:04:28,212 [INFO] DbBoardsPdsc:56 - Set plugin database path to: C:\Study\Vi x l\STM32CubeIDE_1.7.0\STM32CubeIDE\plugins\com.st.stm32cube.common.mx_6.3.0.202107141111\\db\/plugins/boardmanager/
2024-09-12 21:04:28,212 [INFO] DbMcus:258 - Set plugin images path to: C:\Study\Vi x l\STM32CubeIDE_1.7.0\STM32CubeIDE\plugins\com.st.stm32cube.common.mx_6.3.0.202107141111\\db\/plugins/mcufinder/images/
2024-09-12 21:04:28,212 [INFO] DbBoards:264 - Set plugin images path to: C:\Study\Vi x l\STM32CubeIDE_1.7.0\STM32CubeIDE\plugins\com.st.stm32cube.common.mx_6.3.0.202107141111\\db\/plugins/mcufinder/images/
2024-09-12 21:04:28,212 [INFO] DbExamples:333 - Set plugin images path to: C:\Study\Vi x l\STM32CubeIDE_1.7.0\STM32CubeIDE\plugins\com.st.stm32cube.common.mx_6.3.0.202107141111\\db\/plugins/mcufinder/images/
2024-09-12 21:04:28,228 [INFO] DbMcusAds:119 - Set database path to: C:\Users\Bach\.stmcufinder\plugins\mcufinder//mcu/
2024-09-12 21:04:28,228 [INFO] DbMcusDocs:110 - Set database path to: C:\Users\Bach\.stmcufinder\plugins\mcufinder//mcu/
2024-09-12 21:04:28,236 [INFO] DbMcusJson:64 - Set database path to: C:\Users\Bach\.stmcufinder\plugins\mcufinder//mcu/
2024-09-12 21:04:28,236 [INFO] DbBoardsDocs:110 - Set database path to: C:\Users\Bach\.stmcufinder\plugins\mcufinder//mcu/
2024-09-12 21:04:28,236 [INFO] DbBoardsJson:57 - Set database path to: C:\Users\Bach\.stmcufinder\plugins\mcufinder//mcu/
2024-09-12 21:04:28,244 [INFO] CrossReferenceDbSqlite:196 - Set database path to: C:\Users\Bach\.stmcufinder\plugins\mcufinder//mcu/cs/
2024-09-12 21:04:28,244 [INFO] DbExamplesSqlite:767 - Set database path to: C:\Users\Bach\.stmcufinder\plugins\mcufinder//mcu/
2024-09-12 21:04:28,369 [INFO] RulesReader:57 - Compatibility file has been processed (242 Rules)
2024-09-12 21:04:28,479 [INFO] DbMcusXml:74 - Set database path to: C:\Study\Vi x l\STM32CubeIDE_1.7.0\STM32CubeIDE\plugins\com.st.stm32cube.common.mx_6.3.0.202107141111\\db\/mcu/
2024-09-12 21:04:28,479 [INFO] DbBoardsPdsc:56 - Set plugin database path to: C:\Study\Vi x l\STM32CubeIDE_1.7.0\STM32CubeIDE\plugins\com.st.stm32cube.common.mx_6.3.0.202107141111\\db\/plugins/boardmanager/
2024-09-12 21:04:28,479 [INFO] DbMcus:258 - Set plugin images path to: C:\Study\Vi x l\STM32CubeIDE_1.7.0\STM32CubeIDE\plugins\com.st.stm32cube.common.mx_6.3.0.202107141111\\db\/plugins/mcufinder/images/
2024-09-12 21:04:28,479 [INFO] DbBoards:264 - Set plugin images path to: C:\Study\Vi x l\STM32CubeIDE_1.7.0\STM32CubeIDE\plugins\com.st.stm32cube.common.mx_6.3.0.202107141111\\db\/plugins/mcufinder/images/
2024-09-12 21:04:28,479 [INFO] DbExamples:333 - Set plugin images path to: C:\Study\Vi x l\STM32CubeIDE_1.7.0\STM32CubeIDE\plugins\com.st.stm32cube.common.mx_6.3.0.202107141111\\db\/plugins/mcufinder/images/
2024-09-12 21:04:28,479 [WARN] DbFile:35 - Overriding database path with different value: C:\Users\Bach\.stmcufinder\plugins\mcufinder/ => C:\Users\Bach\.stmcufinder\plugins\mcufinder
2024-09-12 21:04:28,479 [INFO] DbMcusAds:119 - Set database path to: C:\Users\Bach\.stmcufinder\plugins\mcufinder//mcu/
2024-09-12 21:04:28,479 [WARN] DbFile:35 - Overriding database path with different value: C:\Users\Bach\.stmcufinder\plugins\mcufinder/ => C:\Users\Bach\.stmcufinder\plugins\mcufinder
2024-09-12 21:04:28,479 [INFO] DbMcusDocs:110 - Set database path to: C:\Users\Bach\.stmcufinder\plugins\mcufinder//mcu/
2024-09-12 21:04:28,479 [WARN] DbFile:35 - Overriding database path with different value: C:\Users\Bach\.stmcufinder\plugins\mcufinder/ => C:\Users\Bach\.stmcufinder\plugins\mcufinder
2024-09-12 21:04:28,479 [INFO] DbMcusJson:64 - Set database path to: C:\Users\Bach\.stmcufinder\plugins\mcufinder//mcu/
2024-09-12 21:04:28,479 [WARN] DbFile:35 - Overriding database path with different value: C:\Users\Bach\.stmcufinder\plugins\mcufinder/ => C:\Users\Bach\.stmcufinder\plugins\mcufinder
2024-09-12 21:04:28,479 [INFO] DbBoardsDocs:110 - Set database path to: C:\Users\Bach\.stmcufinder\plugins\mcufinder//mcu/
2024-09-12 21:04:28,479 [WARN] DbFile:35 - Overriding database path with different value: C:\Users\Bach\.stmcufinder\plugins\mcufinder/ => C:\Users\Bach\.stmcufinder\plugins\mcufinder
2024-09-12 21:04:28,479 [INFO] DbBoardsJson:57 - Set database path to: C:\Users\Bach\.stmcufinder\plugins\mcufinder//mcu/
2024-09-12 21:04:28,479 [WARN] DbFile:35 - Overriding database path with different value: C:\Users\Bach\.stmcufinder\plugins\mcufinder/ => C:\Users\Bach\.stmcufinder\plugins\mcufinder
2024-09-12 21:04:28,479 [WARN] DbFile:35 - Overriding database path with different value: C:\Users\Bach\.stmcufinder\plugins\mcufinder/ => C:\Users\Bach\.stmcufinder\plugins\mcufinder
2024-09-12 21:04:28,479 [INFO] CrossReferenceDbSqlite:196 - Set database path to: C:\Users\Bach\.stmcufinder\plugins\mcufinder//mcu/cs/
2024-09-12 21:04:28,479 [WARN] DbFile:35 - Overriding database path with different value: C:\Users\Bach\.stmcufinder\plugins\mcufinder/ => C:\Users\Bach\.stmcufinder\plugins\mcufinder
2024-09-12 21:04:28,479 [INFO] DbExamplesSqlite:767 - Set database path to: C:\Users\Bach\.stmcufinder\plugins\mcufinder//mcu/
2024-09-12 21:04:28,577 [INFO] MainPanel:214 - HeapMemory: 268435456
2024-09-12 21:04:28,702 [INFO] DbMcusXml:74 - Set database path to: C:\Study\Vi x l\STM32CubeIDE_1.7.0\STM32CubeIDE\plugins\com.st.stm32cube.common.mx_6.3.0.202107141111\\db\/mcu/
2024-09-12 21:04:28,702 [INFO] DbBoardsPdsc:56 - Set plugin database path to: C:\Study\Vi x l\STM32CubeIDE_1.7.0\STM32CubeIDE\plugins\com.st.stm32cube.common.mx_6.3.0.202107141111\\db\/plugins/boardmanager/
2024-09-12 21:04:28,702 [INFO] DbMcus:258 - Set plugin images path to: C:\Study\Vi x l\STM32CubeIDE_1.7.0\STM32CubeIDE\plugins\com.st.stm32cube.common.mx_6.3.0.202107141111\\db\/plugins/mcufinder/images/
2024-09-12 21:04:28,702 [INFO] DbBoards:264 - Set plugin images path to: C:\Study\Vi x l\STM32CubeIDE_1.7.0\STM32CubeIDE\plugins\com.st.stm32cube.common.mx_6.3.0.202107141111\\db\/plugins/mcufinder/images/
2024-09-12 21:04:28,702 [INFO] DbExamples:333 - Set plugin images path to: C:\Study\Vi x l\STM32CubeIDE_1.7.0\STM32CubeIDE\plugins\com.st.stm32cube.common.mx_6.3.0.202107141111\\db\/plugins/mcufinder/images/
2024-09-12 21:04:28,702 [WARN] DbFile:35 - Overriding database path with different value: C:\Users\Bach\.stmcufinder\plugins\mcufinder/ => C:\Users\Bach\.stmcufinder\plugins\mcufinder
2024-09-12 21:04:28,702 [INFO] DbMcusAds:119 - Set database path to: C:\Users\Bach\.stmcufinder\plugins\mcufinder//mcu/
2024-09-12 21:04:28,702 [WARN] DbFile:35 - Overriding database path with different value: C:\Users\Bach\.stmcufinder\plugins\mcufinder/ => C:\Users\Bach\.stmcufinder\plugins\mcufinder
2024-09-12 21:04:28,702 [INFO] DbMcusDocs:110 - Set database path to: C:\Users\Bach\.stmcufinder\plugins\mcufinder//mcu/
2024-09-12 21:04:28,702 [WARN] DbFile:35 - Overriding database path with different value: C:\Users\Bach\.stmcufinder\plugins\mcufinder/ => C:\Users\Bach\.stmcufinder\plugins\mcufinder
2024-09-12 21:04:28,702 [INFO] DbMcusJson:64 - Set database path to: C:\Users\Bach\.stmcufinder\plugins\mcufinder//mcu/
2024-09-12 21:04:28,702 [WARN] DbFile:35 - Overriding database path with different value: C:\Users\Bach\.stmcufinder\plugins\mcufinder/ => C:\Users\Bach\.stmcufinder\plugins\mcufinder
2024-09-12 21:04:28,702 [INFO] DbBoardsDocs:110 - Set database path to: C:\Users\Bach\.stmcufinder\plugins\mcufinder//mcu/
2024-09-12 21:04:28,702 [WARN] DbFile:35 - Overriding database path with different value: C:\Users\Bach\.stmcufinder\plugins\mcufinder/ => C:\Users\Bach\.stmcufinder\plugins\mcufinder
2024-09-12 21:04:28,702 [INFO] DbBoardsJson:57 - Set database path to: C:\Users\Bach\.stmcufinder\plugins\mcufinder//mcu/
2024-09-12 21:04:28,702 [WARN] DbFile:35 - Overriding database path with different value: C:\Users\Bach\.stmcufinder\plugins\mcufinder/ => C:\Users\Bach\.stmcufinder\plugins\mcufinder
2024-09-12 21:04:28,702 [WARN] DbFile:35 - Overriding database path with different value: C:\Users\Bach\.stmcufinder\plugins\mcufinder/ => C:\Users\Bach\.stmcufinder\plugins\mcufinder
2024-09-12 21:04:28,702 [INFO] CrossReferenceDbSqlite:196 - Set database path to: C:\Users\Bach\.stmcufinder\plugins\mcufinder//mcu/cs/
2024-09-12 21:04:28,702 [WARN] DbFile:35 - Overriding database path with different value: C:\Users\Bach\.stmcufinder\plugins\mcufinder/ => C:\Users\Bach\.stmcufinder\plugins\mcufinder
2024-09-12 21:04:28,702 [INFO] DbExamplesSqlite:767 - Set database path to: C:\Users\Bach\.stmcufinder\plugins\mcufinder//mcu/
2024-09-12 21:04:28,725 [INFO] ApplicationProperties:181 - Using Application install path: C:\Study\Vi x l\STM32CubeIDE_1.7.0\STM32CubeIDE\plugins\com.st.stm32cube.common.mx_6.3.0.202107141111
2024-09-12 21:04:28,725 [INFO] PluginManage:188 - Search for loadable plugins [exclusion list=, ]
2024-09-12 21:04:28,725 [INFO] PluginManage:302 - Check plugin analytics
2024-09-12 21:04:28,929 [INFO] AnalyticsPlugin:257 - Accepted Software Licenses: 
2024-09-12 21:04:28,929 [INFO] AnalyticsPlugin:259 - Accepted CMSIS Pack Licenses: 
2024-09-12 21:04:28,932 [INFO] AnalyticsPlugin:261 - Accepted Firmware Licenses: 
2024-09-12 21:04:28,932 [INFO] PluginManage:352 - Loaded plugin analytics (category:tool,tabindex:-1)
2024-09-12 21:04:28,932 [INFO] PluginManage:302 - Check plugin clock
2024-09-12 21:04:28,953 [INFO] PluginManage:352 - Loaded plugin clock (category:base,tabindex:2)
2024-09-12 21:04:28,953 [INFO] PluginManage:302 - Check plugin ddr
2024-09-12 21:04:28,961 [INFO] PluginManage:352 - Loaded plugin ddr (category:tool,tabindex:6)
2024-09-12 21:04:28,961 [INFO] PluginManage:302 - Check plugin filemanager
2024-09-12 21:04:29,124 [INFO] PluginManage:352 - Loaded plugin filemanager (category:base,tabindex:10)
2024-09-12 21:04:29,124 [INFO] PluginManage:302 - Check plugin ipmanager
2024-09-12 21:04:29,132 [INFO] PluginManage:352 - Loaded plugin ipmanager (category:base,tabindex:5)
2024-09-12 21:04:29,132 [INFO] PluginManage:302 - Check plugin pinoutandconfiguration
2024-09-12 21:04:29,148 [INFO] PluginManage:352 - Loaded plugin pinoutandconfiguration (category:base,tabindex:1)
2024-09-12 21:04:29,148 [INFO] PluginManage:302 - Check plugin pinoutconfig
2024-09-12 21:04:29,205 [INFO] PluginManage:352 - Loaded plugin pinoutconfig (category:base,tabindex:0)
2024-09-12 21:04:29,205 [INFO] PluginManage:302 - Check plugin power
2024-09-12 21:04:29,238 [INFO] PluginManage:352 - Loaded plugin power (category:power,tabindex:4)
2024-09-12 21:04:29,238 [INFO] PluginManage:302 - Check plugin projectmanager
2024-09-12 21:04:29,254 [INFO] PluginManage:352 - Loaded plugin projectmanager (category:projectmanager,tabindex:3)
2024-09-12 21:04:29,254 [INFO] PluginManage:302 - Check plugin thirdparty
2024-09-12 21:04:29,586 [INFO] PluginManage:352 - Loaded plugin thirdparty (category:base,tabindex:-1)
2024-09-12 21:04:29,586 [INFO] PluginManage:302 - Check plugin tools
2024-09-12 21:04:29,586 [WARN] IntegrityCheckThread:78 - waiting for thirdparty lock release [integrity check]
2024-09-12 21:04:29,594 [INFO] IntegrityCheckThread:80 - entering critical section [integrity check]
2024-09-12 21:04:29,594 [INFO] ThirdPartyUpdaterWithRetryManager:66 - Updater plugin not ready yet. [1/15]
2024-09-12 21:04:29,676 [INFO] PluginManage:352 - Loaded plugin tools (category:base,tabindex:7)
2024-09-12 21:04:29,676 [INFO] PluginManage:302 - Check plugin tutovideos
2024-09-12 21:04:30,007 [INFO] PluginManage:352 - Loaded plugin tutovideos (category:base,tabindex:-1)
2024-09-12 21:04:30,007 [INFO] PluginManage:302 - Check plugin updater
2024-09-12 21:04:30,032 [INFO] PluginManage:352 - Loaded plugin updater (category:base,tabindex:12)
2024-09-12 21:04:30,032 [INFO] PluginManage:275 - PluginManage : Loaded plugins [13]
2024-09-12 21:04:30,243 [INFO] PinOutPanel:1463 - setPackage(No Configuration,No Configuration)
2024-09-12 21:04:30,357 [INFO] IPUIPlugin:74 - create IPUIPlugin
2024-09-12 21:04:30,357 [INFO] PluginManager:213 - loadIPPluginJar : add adc
2024-09-12 21:04:30,421 [INFO] IPUIPlugin:74 - create IPUIPlugin
2024-09-12 21:04:30,421 [INFO] PluginManager:213 - loadIPPluginJar : add aes
2024-09-12 21:04:30,494 [INFO] IPUIPlugin:74 - create IPUIPlugin
2024-09-12 21:04:30,494 [INFO] PluginManager:213 - loadIPPluginJar : add can
2024-09-12 21:04:30,534 [INFO] IPUIPlugin:74 - create IPUIPlugin
2024-09-12 21:04:30,534 [INFO] PluginManager:213 - loadIPPluginJar : add comp
2024-09-12 21:04:30,590 [INFO] IPUIPlugin:74 - create IPUIPlugin
2024-09-12 21:04:30,590 [INFO] PluginManager:213 - loadIPPluginJar : add cryp
2024-09-12 21:04:30,650 [INFO] IPUIPlugin:74 - create IPUIPlugin
2024-09-12 21:04:30,650 [INFO] PluginManager:213 - loadIPPluginJar : add dfsdm
2024-09-12 21:04:30,670 [INFO] IPUIPlugin:74 - create IPUIPlugin
2024-09-12 21:04:30,670 [INFO] PluginManager:213 - loadIPPluginJar : add dma
2024-09-12 21:04:30,735 [INFO] IPUIPlugin:74 - create IPUIPlugin
2024-09-12 21:04:30,735 [INFO] PluginManager:213 - loadIPPluginJar : add dma3
2024-09-12 21:04:30,784 [INFO] IPUIPlugin:74 - create IPUIPlugin
2024-09-12 21:04:30,784 [INFO] PluginManager:213 - loadIPPluginJar : add fatfs
2024-09-12 21:04:30,857 [INFO] IPUIPlugin:74 - create IPUIPlugin
2024-09-12 21:04:30,857 [INFO] PluginManager:213 - loadIPPluginJar : add fmc
2024-09-12 21:04:30,889 [INFO] IPUIPlugin:74 - create IPUIPlugin
2024-09-12 21:04:30,889 [INFO] PluginManager:213 - loadIPPluginJar : add freertos
2024-09-12 21:04:30,937 [INFO] IPUIPlugin:74 - create IPUIPlugin
2024-09-12 21:04:30,937 [INFO] PluginManager:213 - loadIPPluginJar : add genericplugin
2024-09-12 21:04:31,078 [INFO] IPUIPlugin:74 - create IPUIPlugin
2024-09-12 21:04:31,078 [INFO] PluginManager:213 - loadIPPluginJar : add gfxmmu
2024-09-12 21:04:31,270 [INFO] IPUIPlugin:74 - create IPUIPlugin
2024-09-12 21:04:31,270 [INFO] PluginManager:213 - loadIPPluginJar : add gic
2024-09-12 21:04:31,295 [INFO] IPUIPlugin:74 - create IPUIPlugin
2024-09-12 21:04:31,295 [INFO] PluginManager:213 - loadIPPluginJar : add gpio
2024-09-12 21:04:31,400 [INFO] IPUIPlugin:74 - create IPUIPlugin
2024-09-12 21:04:31,400 [INFO] PluginManager:213 - loadIPPluginJar : add gtzc
2024-09-12 21:04:31,465 [INFO] IPUIPlugin:74 - create IPUIPlugin
2024-09-12 21:04:31,465 [INFO] PluginManager:213 - loadIPPluginJar : add hash
2024-09-12 21:04:31,554 [INFO] IPUIPlugin:74 - create IPUIPlugin
2024-09-12 21:04:31,554 [INFO] PluginManager:213 - loadIPPluginJar : add i2c
2024-09-12 21:04:31,620 [INFO] IPUIPlugin:74 - create IPUIPlugin
2024-09-12 21:04:31,620 [INFO] PluginManager:213 - loadIPPluginJar : add i2s
2024-09-12 21:04:31,636 [INFO] IPUIPlugin:74 - create IPUIPlugin
2024-09-12 21:04:31,636 [INFO] PluginManager:213 - loadIPPluginJar : add ipddr
2024-09-12 21:04:31,783 [INFO] IPUIPlugin:74 - create IPUIPlugin
2024-09-12 21:04:31,783 [INFO] PluginManager:213 - loadIPPluginJar : add linkedlist
2024-09-12 21:04:31,847 [INFO] IPUIPlugin:74 - create IPUIPlugin
2024-09-12 21:04:31,847 [INFO] PluginManager:213 - loadIPPluginJar : add lorawan
2024-09-12 21:04:31,912 [INFO] IPUIPlugin:74 - create IPUIPlugin
2024-09-12 21:04:31,912 [INFO] PluginManager:213 - loadIPPluginJar : add ltdc
2024-09-12 21:04:31,932 [INFO] IPUIPlugin:74 - create IPUIPlugin
2024-09-12 21:04:31,936 [INFO] PluginManager:213 - loadIPPluginJar : add mdma
2024-09-12 21:04:31,952 [INFO] IPUIPlugin:74 - create IPUIPlugin
2024-09-12 21:04:31,952 [INFO] PluginManager:213 - loadIPPluginJar : add nvic
2024-09-12 21:04:32,017 [INFO] IPUIPlugin:74 - create IPUIPlugin
2024-09-12 21:04:32,017 [INFO] PluginManager:213 - loadIPPluginJar : add opamp
2024-09-12 21:04:32,115 [INFO] IPUIPlugin:74 - create IPUIPlugin
2024-09-12 21:04:32,115 [INFO] PluginManager:213 - loadIPPluginJar : add openamp
2024-09-12 21:04:32,226 [INFO] IPUIPlugin:74 - create IPUIPlugin
2024-09-12 21:04:32,242 [INFO] PluginManager:213 - loadIPPluginJar : add pdm2pcm
2024-09-12 21:04:32,275 [INFO] IPUIPlugin:74 - create IPUIPlugin
2024-09-12 21:04:32,283 [INFO] PluginManager:213 - loadIPPluginJar : add plateformsettings
2024-09-12 21:04:32,323 [INFO] IPUIPlugin:74 - create IPUIPlugin
2024-09-12 21:04:32,323 [INFO] PluginManager:213 - loadIPPluginJar : add quadspi
2024-09-12 21:04:32,339 [INFO] IPUIPlugin:74 - create IPUIPlugin
2024-09-12 21:04:32,339 [INFO] PluginManager:213 - loadIPPluginJar : add resmgrutility
2024-09-12 21:04:32,411 [INFO] IPUIPlugin:74 - create IPUIPlugin
2024-09-12 21:04:32,411 [INFO] PluginManager:213 - loadIPPluginJar : add sai
2024-09-12 21:04:32,480 [INFO] IPUIPlugin:74 - create IPUIPlugin
2024-09-12 21:04:32,480 [INFO] PluginManager:213 - loadIPPluginJar : add spi
2024-09-12 21:04:32,558 [INFO] IPUIPlugin:74 - create IPUIPlugin
2024-09-12 21:04:32,558 [INFO] PluginManager:213 - loadIPPluginJar : add stm32_wpan
2024-09-12 21:04:32,606 [INFO] ThirdPartyUpdaterWithRetryManager:66 - Updater plugin not ready yet. [2/15]
2024-09-12 21:04:32,606 [INFO] IPUIPlugin:74 - create IPUIPlugin
2024-09-12 21:04:32,606 [INFO] PluginManager:213 - loadIPPluginJar : add tim
2024-09-12 21:04:32,703 [INFO] IPUIPlugin:74 - create IPUIPlugin
2024-09-12 21:04:32,703 [INFO] PluginManager:213 - loadIPPluginJar : add touchsensing
2024-09-12 21:04:32,751 [INFO] IPUIPlugin:74 - create IPUIPlugin
2024-09-12 21:04:32,751 [INFO] PluginManager:213 - loadIPPluginJar : add tracer_emb
2024-09-12 21:04:32,799 [INFO] IPUIPlugin:74 - create IPUIPlugin
2024-09-12 21:04:32,799 [INFO] PluginManager:213 - loadIPPluginJar : add ts
2024-09-12 21:04:32,847 [INFO] IPUIPlugin:74 - create IPUIPlugin
2024-09-12 21:04:32,847 [INFO] PluginManager:213 - loadIPPluginJar : add tsc
2024-09-12 21:04:32,896 [INFO] IPUIPlugin:74 - create IPUIPlugin
2024-09-12 21:04:32,896 [INFO] PluginManager:213 - loadIPPluginJar : add ucpd
2024-09-12 21:04:32,968 [INFO] IPUIPlugin:74 - create IPUIPlugin
2024-09-12 21:04:32,968 [INFO] PluginManager:213 - loadIPPluginJar : add usart
2024-09-12 21:04:33,032 [INFO] IPUIPlugin:74 - create IPUIPlugin
2024-09-12 21:04:33,032 [INFO] PluginManager:213 - loadIPPluginJar : add usbx
2024-09-12 21:04:33,405 [FATAL] Updater:294 - Updater called before beeing initialized
2024-09-12 21:04:33,535 [FATAL] Updater:294 - Updater called before beeing initialized
2024-09-12 21:04:33,542 [INFO] DbMcusAds:47 - JSON generation date=Thu May 16 16:22:00 ICT 2024 (1715851320667)
2024-09-12 21:04:33,542 [FATAL] Updater:294 - Updater called before beeing initialized
2024-09-12 21:04:33,623 [WARN] DetailPanel:314 - Failed to get advertising image, set to default
2024-09-12 21:04:33,712 [FATAL] Updater:294 - Updater called before beeing initialized
2024-09-12 21:04:33,721 [FATAL] Updater:294 - Updater called before beeing initialized
2024-09-12 21:04:33,721 [FATAL] Updater:294 - Updater called before beeing initialized
2024-09-12 21:04:33,721 [WARN] DetailPanel:314 - Failed to get advertising image, set to default
2024-09-12 21:04:33,721 [FATAL] Updater:294 - Updater called before beeing initialized
2024-09-12 21:04:33,785 [ERROR] Updater:1075 - MainUpdater not yet initialized. External WinMGr cannot be set.
2024-09-12 21:04:33,793 [INFO] Updater:1012 - Updater Version found : 6.3.0
2024-09-12 21:04:33,825 [INFO] ApplicationProperties:181 - Using Application install path: C:\Study\Vi x l\STM32CubeIDE_1.7.0\STM32CubeIDE\plugins\com.st.stm32cube.common.mx_6.3.0.202107141111
2024-09-12 21:04:34,147 [INFO] MainUpdater:2671 - connection check result : 10
2024-09-12 21:04:34,148 [INFO] MainUpdater:265 - Updater Check For Update Now.
2024-09-12 21:04:34,148 [INFO] MicroXplorer:478 - Change Database Version : DB.6.0.30
2024-09-12 21:04:34,351 [INFO] CheckServerUpdateThread:112 - End of CheckServer Thread
2024-09-12 21:04:34,426 [INFO] MainUpdater:2671 - connection check result : 10
2024-09-12 21:04:34,466 [INFO] McuFinderGlobals:52 - Set McuFinderConnectedMode to true
2024-09-12 21:04:34,813 [INFO] ServerAccessManage:362 - Download File mcusAds.json._tmp_
2024-09-12 21:04:34,952 [INFO] LoadUrlFilesThread:145 - End of LoadUrlFiles Thread
2024-09-12 21:04:35,608 [WARN] MainUpdater:1122 - Updater busy. Cannot search thirdparties
2024-09-12 21:04:35,608 [INFO] ThirdPartyUpdaterWithRetryManager:92 - Updater plugin is busy. [1/15]
2024-09-12 21:04:35,866 [INFO] ServerAccessManage:362 - Download File mcusDocs.json._tmp_
2024-09-12 21:04:36,726 [INFO] LoadUrlFilesThread:145 - End of LoadUrlFiles Thread
2024-09-12 21:04:37,001 [INFO] ServerAccessManage:362 - Download File mcusFeaturesAndDescription.json._tmp_
2024-09-12 21:04:38,132 [INFO] LoadUrlFilesThread:145 - End of LoadUrlFiles Thread
2024-09-12 21:04:38,454 [INFO] ServerAccessManage:362 - Download File boardsDocs.json._tmp_
2024-09-12 21:04:38,580 [INFO] LoadUrlFilesThread:145 - End of LoadUrlFiles Thread
2024-09-12 21:04:38,621 [WARN] MainUpdater:1122 - Updater busy. Cannot search thirdparties
2024-09-12 21:04:38,621 [INFO] ThirdPartyUpdaterWithRetryManager:92 - Updater plugin is busy. [2/15]
2024-09-12 21:04:38,912 [INFO] ServerAccessManage:362 - Download File boards.json._tmp_
2024-09-12 21:04:39,263 [INFO] LoadUrlFilesThread:145 - End of LoadUrlFiles Thread
2024-09-12 21:04:39,474 [INFO] ServerAccessManage:362 - Download File cube-finder-db.zip
2024-09-12 21:04:41,623 [WARN] MainUpdater:1122 - Updater busy. Cannot search thirdparties
2024-09-12 21:04:41,623 [INFO] ThirdPartyUpdaterWithRetryManager:92 - Updater plugin is busy. [3/15]
2024-09-12 21:04:41,885 [INFO] FileExtend:235 - Unzip File : cube-finder-db.zip
2024-09-12 21:04:41,885 [INFO] FileExtend:250 - Standard Zip Deflate
2024-09-12 21:04:42,970 [INFO] LoadUrlFilesThread:145 - End of LoadUrlFiles Thread
2024-09-12 21:04:44,130 [INFO] ServerAccessManage:362 - Download File crdb.zip
2024-09-12 21:04:44,636 [WARN] MainUpdater:1122 - Updater busy. Cannot search thirdparties
2024-09-12 21:04:44,636 [INFO] ThirdPartyUpdaterWithRetryManager:92 - Updater plugin is busy. [4/15]
2024-09-12 21:04:47,639 [WARN] MainUpdater:1122 - Updater busy. Cannot search thirdparties
2024-09-12 21:04:47,639 [INFO] ThirdPartyUpdaterWithRetryManager:92 - Updater plugin is busy. [5/15]
2024-09-12 21:04:49,893 [INFO] FileExtend:235 - Unzip File : crdb.zip
2024-09-12 21:04:49,893 [INFO] FileExtend:250 - Standard Zip Deflate
2024-09-12 21:04:50,060 [INFO] LoadUrlFilesThread:145 - End of LoadUrlFiles Thread
2024-09-12 21:04:50,293 [INFO] ServerAccessManage:362 - Download File tutoVideoDB.zip
2024-09-12 21:04:50,357 [INFO] FileExtend:235 - Unzip File : tutoVideoDB.zip
2024-09-12 21:04:50,357 [INFO] FileExtend:250 - Standard Zip Deflate
2024-09-12 21:04:50,477 [INFO] LoadUrlFilesThread:145 - End of LoadUrlFiles Thread
2024-09-12 21:04:50,480 [INFO] DbMcusAds:47 - JSON generation date=Thu May 16 16:22:00 ICT 2024 (1715851320667)
2024-09-12 21:04:50,502 [INFO] DbMcusDocs:143 - JSON generation date=Tue Nov 16 23:17:54 ICT 2021 (1637079474)
2024-09-12 21:04:50,502 [INFO] DbMcusXml:100 - Load MCU database from C:\Study\Vi x l\STM32CubeIDE_1.7.0\STM32CubeIDE\plugins\com.st.stm32cube.common.mx_6.3.0.202107141111\\db\/mcu/families.xml
2024-09-12 21:04:50,874 [ERROR] Engine:463 - C:\Users\Bach\.stm32cubemx\thirdparties\pdsc\STMicroelectronics.FP-SNS-MOTENVWB1.1.4.0.pdsc: PDSC version is not supported
2024-09-12 21:04:50,890 [ERROR] Engine:463 - C:\Users\Bach\.stm32cubemx\thirdparties\pdsc\STMicroelectronics.X-CUBE-SMBUS.2.1.0.pdsc: PDSC version is not supported
2024-09-12 21:04:50,994 [WARN] PackLoader:238 - Cannot read IP mode file for STMicroelectronics.X-CUBE-AZRTOS-F7.1.1.0
2024-09-12 21:04:51,148 [WARN] PackLoader:238 - Cannot read IP mode file for STMicroelectronics.X-CUBE-MEMS1.11.0.0
2024-09-12 21:04:51,407 [ERROR] Engine:463 - C:\Users\Bach\.stm32cubemx\thirdparties\pdsc\STMicroelectronics.FP-SNS-FLIGHT1.5.0.2.pdsc: PDSC version is not supported
2024-09-12 21:04:51,423 [ERROR] Engine:463 - C:\Users\Bach\.stm32cubemx\thirdparties\pdsc\STMicroelectronics.X-CUBE-DISPLAY.3.0.0.pdsc: PDSC version is not supported
2024-09-12 21:04:51,440 [WARN] PackLoader:238 - Cannot read IP mode file for STMicroelectronics.X-CUBE-BLE1.7.0.0
2024-09-12 21:04:51,456 [ERROR] Engine:463 - C:\Users\Bach\.stm32cubemx\thirdparties\pdsc\emotas.I-CUBE-CANOPEN.1.3.0.pdsc: PDSC version is not supported
2024-09-12 21:04:51,456 [INFO] DbMcusJson:93 - JSON generation date=Tue Nov 16 23:17:54 ICT 2021 (1637079474)
2024-09-12 21:04:51,464 [ERROR] Engine:463 - C:\Users\Bach\.stm32cubemx\thirdparties\pdsc\STMicroelectronics.X-CUBE-BLEMGR.3.1.0.pdsc: PDSC version is not supported
2024-09-12 21:04:51,480 [ERROR] Engine:463 - C:\Users\Bach\.stm32cubemx\thirdparties\pdsc\STMicroelectronics.FP-SNS-SMARTAG2.1.2.0.pdsc: PDSC version is not supported
2024-09-12 21:04:51,514 [INFO] LogOutputStream:76 - [STDOUT_REDIRECT] 1 : Invalid condition id : UX_CORESTACK_Condition cause : null
2024-09-12 21:04:51,515 [INFO] LogOutputStream:76 - [STDOUT_REDIRECT] 1 : Invalid condition id : UX_CORESTACK_Condition cause : null
2024-09-12 21:04:51,515 [INFO] LogOutputStream:76 - [STDOUT_REDIRECT] 1 : Invalid condition id : UX_CORESTACK_Condition cause : null
2024-09-12 21:04:51,515 [INFO] LogOutputStream:76 - [STDOUT_REDIRECT] 1 : Invalid condition id : UX_CORESTACK_Condition cause : null
2024-09-12 21:04:51,521 [INFO] LogOutputStream:76 - [STDOUT_REDIRECT] 1 : Invalid condition id : UX_CORESTACK_Condition cause : null
2024-09-12 21:04:51,521 [WARN] PackLoader:238 - Cannot read IP mode file for STMicroelectronics.X-CUBE-AZRTOS-WL.2.0.0
2024-09-12 21:04:51,545 [ERROR] Engine:463 - C:\Users\Bach\.stm32cubemx\thirdparties\pdsc\STMicroelectronics.FP-SNS-MOTENV1.5.0.0.pdsc: PDSC version is not supported
2024-09-12 21:04:51,553 [WARN] PackLoader:238 - Cannot read IP mode file for wolfSSL.I-CUBE-wolfMQTT.1.19.0
2024-09-12 21:04:51,577 [WARN] PackLoader:238 - Cannot read IP mode file for WES.I-CUBE-Cesium.1.3.0
2024-09-12 21:04:51,593 [WARN] PackLoader:238 - Cannot read IP mode file for STMicroelectronics.X-CUBE-BLE2.3.3.0
2024-09-12 21:04:51,601 [ERROR] Engine:463 - C:\Users\Bach\.stm32cubemx\thirdparties\pdsc\STMicroelectronics.X-CUBE-TCPP.4.1.0.pdsc: PDSC version is not supported
2024-09-12 21:04:51,633 [WARN] PackLoader:238 - Cannot read IP mode file for STMicroelectronics.X-CUBE-AZRTOS-G0.1.1.0
2024-09-12 21:04:51,657 [WARN] PackLoader:238 - Cannot read IP mode file for STMicroelectronics.X-CUBE-SAFEA1.1.2.2
2024-09-12 21:04:51,673 [WARN] PackLoader:238 - Cannot read IP mode file for STMicroelectronics.X-CUBE-NFC4.3.0.0
2024-09-12 21:04:51,715 [ERROR] Engine:463 - C:\Users\Bach\.stm32cubemx\thirdparties\pdsc\EmbeddedOffice.I-CUBE-FS-RTOS.1.0.1.pdsc: PDSC version is not supported
2024-09-12 21:04:51,731 [ERROR] Engine:463 - C:\Users\Bach\.stm32cubemx\thirdparties\pdsc\RealThread.X-CUBE-RT-Thread_Nano.4.1.1.pdsc: PDSC version is not supported
2024-09-12 21:04:51,746 [WARN] PackLoader:238 - Cannot read IP mode file for STMicroelectronics.FP-ATR-SIGFOX1.3.2.0
2024-09-12 21:04:51,762 [WARN] PackLoader:238 - Cannot read IP mode file for wolfSSL.I-CUBE-wolfSSL.5.7.2
2024-09-12 21:04:51,778 [WARN] PackLoader:238 - Cannot read IP mode file for STMicroelectronics.X-CUBE-EEPRMA1.5.1.0
2024-09-12 21:04:51,802 [ERROR] Engine:463 - C:\Users\Bach\.stm32cubemx\thirdparties\pdsc\ITTIA_DB.I-CUBE-ITTIADB.8.9.0.pdsc: PDSC version is not supported
2024-09-12 21:04:51,867 [WARN] PackLoader:238 - Cannot read IP mode file for SEGGER.I-CUBE-embOS.1.3.1
2024-09-12 21:04:51,931 [WARN] PackLoader:238 - Cannot read IP mode file for STMicroelectronics.X-CUBE-ALGOBUILD.1.4.0
2024-09-12 21:04:51,947 [WARN] PackLoader:238 - Cannot read IP mode file for STMicroelectronics.X-CUBE-GNSS1.6.0.0
2024-09-12 21:04:51,987 [WARN] PackLoader:238 - Cannot read IP mode file for STMicroelectronics.X-CUBE-AZRTOS-F4.1.1.0
2024-09-12 21:04:52,003 [ERROR] Engine:463 - C:\Users\Bach\.stm32cubemx\thirdparties\pdsc\STMicroelectronics.X-CUBE-FREERTOS.1.2.0.pdsc: PDSC version is not supported
2024-09-12 21:04:52,044 [WARN] PackLoader:238 - Cannot read IP mode file for STMicroelectronics.X-CUBE-AZRTOS-L5.2.0.0
2024-09-12 21:04:52,068 [WARN] PackLoader:238 - Cannot read IP mode file for STMicroelectronics.X-CUBE-NFC6.3.1.0
2024-09-12 21:04:52,084 [ERROR] Engine:463 - C:\Users\Bach\.stm32cubemx\thirdparties\pdsc\STMicroelectronics.X-CUBE-DPower.1.2.0.pdsc: PDSC version is not supported
2024-09-12 21:04:52,100 [WARN] PackLoader:238 - Cannot read IP mode file for STMicroelectronics.X-CUBE-AI.9.0.0
2024-09-12 21:04:52,100 [INFO] DbMcus:175 - Found 1951 MCUs (1903 are supported by CubeMX, 1914 are visible in CubeMX)
2024-09-12 21:04:52,100 [INFO] ApiDb:251 - Load user favorites file C:\Users\Bach/.stm32cubeide/favorites.mcus.txt: 0 item(s)
2024-09-12 21:04:52,100 [INFO] ApiDb:255 - User favorites MCUs=[]
2024-09-12 21:04:52,100 [INFO] DbMcus:187 - Set 0 / 0 favorites MCUs
2024-09-12 21:04:52,116 [WARN] PackLoader:238 - Cannot read IP mode file for STMicroelectronics.X-CUBE-NFC7.1.0.1
2024-09-12 21:04:52,148 [WARN] ConditionMgr:437 - getConditionDescription Invalid condition id : LAN8742 Phy interface Condition cause : null
2024-09-12 21:04:52,148 [WARN] PackLoader:238 - Cannot read IP mode file for STMicroelectronics.X-CUBE-AZRTOS-L4.2.0.0
2024-09-12 21:04:52,156 [WARN] ConditionMgr:1038 - genDependencies : Invalid condition id : LAN8742 Phy interface Condition cause : null
2024-09-12 21:04:52,156 [WARN] ConditionMgr:1038 - genDependencies : Invalid condition id : LAN8742 Phy interface Condition cause : null
2024-09-12 21:04:52,156 [WARN] ConditionMgr:1038 - genDependencies : Invalid condition id : LAN8742 Phy interface Condition cause : null
2024-09-12 21:04:52,172 [WARN] PackLoader:238 - Cannot read IP mode file for STMicroelectronics.X-CUBE-SFXS2LP1.4.0.0
2024-09-12 21:04:52,212 [WARN] PackLoader:238 - Cannot read IP mode file for STMicroelectronics.X-CUBE-AZRTOS-H7.3.3.0
2024-09-12 21:04:52,245 [WARN] ConditionMgr:437 - getConditionDescription Invalid condition id : UX DEVICE CLASS RTOS Condition cause : null
2024-09-12 21:04:52,245 [WARN] ConditionMgr:437 - getConditionDescription Invalid condition id : UX DEVICE CLASS RTOS Condition cause : null
2024-09-12 21:04:52,253 [WARN] PackLoader:238 - Cannot read IP mode file for STMicroelectronics.X-CUBE-AZRTOS-WB.2.0.0
2024-09-12 21:04:52,253 [WARN] ConditionMgr:1038 - genDependencies : Invalid condition id : UX DEVICE CLASS RTOS Condition cause : null
2024-09-12 21:04:52,253 [WARN] ConditionMgr:1038 - genDependencies : Invalid condition id : UX DEVICE CLASS RTOS Condition cause : null
2024-09-12 21:04:52,253 [WARN] ConditionMgr:1038 - genDependencies : Invalid condition id : UX DEVICE CLASS RTOS Condition cause : null
2024-09-12 21:04:52,253 [WARN] ConditionMgr:1038 - genDependencies : Invalid condition id : UX DEVICE CLASS RTOS Condition cause : null
2024-09-12 21:04:52,253 [WARN] ConditionMgr:1038 - genDependencies : Invalid condition id : UX DEVICE CLASS RTOS Condition cause : null
2024-09-12 21:04:52,269 [ERROR] Engine:463 - C:\Users\Bach\.stm32cubemx\thirdparties\pdsc\STMicroelectronics.FP-SNS-STBOX1.2.0.0.pdsc: PDSC version is not supported
2024-09-12 21:04:52,293 [WARN] PackLoader:238 - Cannot read IP mode file for STMicroelectronics.X-CUBE-SUBG2.5.0.0
2024-09-12 21:04:52,316 [ERROR] Engine:463 - C:\Users\Bach\.stm32cubemx\thirdparties\pdsc\Cesanta.I-CUBE-Mongoose.7.13.0.pdsc: PDSC version is not supported
2024-09-12 21:04:52,348 [WARN] PackLoader:238 - Cannot read IP mode file for STMicroelectronics.X-CUBE-AZRTOS-G4.2.0.0
2024-09-12 21:04:52,364 [WARN] PackLoader:238 - Cannot read IP mode file for STMicroelectronics.X-CUBE-ISPU.2.0.0
2024-09-12 21:04:52,380 [ERROR] Engine:463 - C:\Users\Bach\.stm32cubemx\thirdparties\pdsc\STMicroelectronics.X-CUBE-ALS.1.0.2.pdsc: PDSC version is not supported
2024-09-12 21:04:52,396 [WARN] PackLoader:238 - Cannot read IP mode file for STMicroelectronics.X-CUBE-TOUCHGFX.4.24.0
2024-09-12 21:04:52,404 [WARN] PackLoader:238 - Cannot read IP mode file for wolfSSL.I-CUBE-wolfTPM.3.4.0
2024-09-12 21:04:52,421 [WARN] PackLoader:238 - Cannot read IP mode file for portGmbH.I-Cube-SoM-uGOAL.1.1.0
2024-09-12 21:04:52,453 [INFO] DbMcusDocs:79 - Found 682 MCUs documents
2024-09-12 21:04:52,453 [INFO] ApiDb:276 - Save user favorites file C:\Users\Bach/.stm32cubeide/favorites.mcus.txt: 0 item(s)
2024-09-12 21:04:52,453 [INFO] ApiDb:280 - User favorites MCUs=[]
2024-09-12 21:04:52,453 [INFO] DbMcusXml:100 - Load MCU database from C:\Study\Vi x l\STM32CubeIDE_1.7.0\STM32CubeIDE\plugins\com.st.stm32cube.common.mx_6.3.0.202107141111\\db\/mcu/families.xml
2024-09-12 21:04:52,461 [WARN] PackLoader:238 - Cannot read IP mode file for STMicroelectronics.X-CUBE-AZRTOS-H7RS.1.0.0
2024-09-12 21:04:52,477 [WARN] PackLoader:238 - Cannot read IP mode file for STMicroelectronics.FP-ATR-ASTRA1.2.0.0
2024-09-12 21:04:52,501 [ERROR] Engine:463 - C:\Users\Bach\.stm32cubemx\thirdparties\pdsc\STMicroelectronics.X-CUBE-TOF1.3.4.2.pdsc: PDSC version is not supported
2024-09-12 21:04:52,525 [ERROR] Engine:463 - C:\Users\Bach\.stm32cubemx\thirdparties\pdsc\Infineon.AIROC-Wi-Fi-Bluetooth-STM32.1.6.1.pdsc: PDSC version is not supported
2024-09-12 21:04:52,533 [WARN] PackLoader:238 - Cannot read IP mode file for wolfSSL.I-CUBE-wolfSSH.1.4.17
2024-09-12 21:04:52,533 [INFO] ThirdParty:915 - Integrity check success = true
2024-09-12 21:04:52,533 [INFO] IntegrityCheckThread:94 - exiting critical section [integrity check]
2024-09-12 21:04:52,533 [INFO] IntegrityCheckThread:97 - End integrity checks thread
2024-09-12 21:04:53,195 [INFO] DbMcusJson:93 - JSON generation date=Tue Nov 16 23:17:54 ICT 2021 (1637079474)
2024-09-12 21:04:53,745 [INFO] DbMcus:175 - Found 1951 MCUs (1903 are supported by CubeMX, 1914 are visible in CubeMX)
2024-09-12 21:04:53,745 [INFO] ApiDb:251 - Load user favorites file C:\Users\Bach/.stm32cubeide/favorites.mcus.txt: 0 item(s)
2024-09-12 21:04:53,745 [INFO] ApiDb:255 - User favorites MCUs=[]
2024-09-12 21:04:53,745 [INFO] DbMcus:187 - Set 0 / 0 favorites MCUs
2024-09-12 21:04:53,752 [INFO] DbBoardsDocs:143 - JSON generation date=Tue Nov 16 23:17:54 ICT 2021 (1637079474)
2024-09-12 21:04:53,776 [INFO] DbBoardsPdsc:90 - Found 25 items
2024-09-12 21:04:53,792 [INFO] DbBoardsPdsc:90 - Found 9 items
2024-09-12 21:04:53,808 [INFO] DbBoardsPdsc:90 - Found 33 items
2024-09-12 21:04:53,818 [INFO] DbBoardsPdsc:90 - Found 1 items
2024-09-12 21:04:53,840 [INFO] DbBoardsPdsc:90 - Found 48 items
2024-09-12 21:04:53,856 [INFO] DbBoardsPdsc:90 - Found 43 items
2024-09-12 21:04:53,872 [INFO] DbBoardsPdsc:90 - Found 2 items
2024-09-12 21:04:53,880 [INFO] DbBoardsPdsc:90 - Found 5 items
2024-09-12 21:04:53,889 [WARN] DbBoardsPdsc:254 - Board STM32H7B3I-DK: unknown feature type=Audio, name=, username=Audio stereo codec with Headphone Amp (CS42L51-CNZ), n=1
2024-09-12 21:04:53,889 [WARN] DbBoardsPdsc:254 - Board STM32H735G-DK: unknown feature type=Audio, name=, username=Audio stereo codec with Headphone Amp (WM8994ECS/R), n=1
2024-09-12 21:04:53,889 [WARN] DbBoardsPdsc:254 - Board STM32H7B3I-EVAL: unknown feature type=Audio, name=, username=Multi-Channel Audio Codec (CS42L51-CNZ), n=1
2024-09-12 21:04:53,889 [WARN] DbBoardsPdsc:254 - Board STM32H7B3I-EVAL: unknown feature type=Meter, name=, username=Power-metering and Temperature-monitoring with sigma-delta modulators, n=1
2024-09-12 21:04:53,889 [WARN] DbBoardsPdsc:254 - Board STM32H7B3I-EVAL: unknown feature type=Motor, name=, username=Motor Control, n=1
2024-09-12 21:04:53,889 [WARN] DbBoardsPdsc:254 - Board STM32U575I-EV: unknown feature type=joystick, name=, username=4-direction joystick with selection button, n=1
2024-09-12 21:04:53,906 [INFO] DbBoardsJson:86 - JSON generation date=Tue Nov 16 23:17:54 ICT 2021 (1637079474)
2024-09-12 21:04:53,913 [INFO] DbBoards:117 - Found 167 boards (163 are supported by CubeMX)
2024-09-12 21:04:53,918 [INFO] DbBoardsDocs:143 - JSON generation date=Tue Nov 16 23:17:54 ICT 2021 (1637079474)
2024-09-12 21:04:53,921 [INFO] DbBoardsDocs:79 - Found 209 boards documents
2024-09-12 21:04:53,921 [WARN] DbBoards:127 - board B-L475E-IOT01A2 has no document id list !
2024-09-12 21:04:53,921 [WARN] DbBoards:127 - board NUCLEO-H743ZI has no document id list !
2024-09-12 21:04:53,921 [WARN] DbBoards:127 - board NUCLEO-WL55JC2 has no document id list !
2024-09-12 21:04:53,921 [WARN] DbBoards:127 - board P-NUCLEO-WB55-Nucleo has no document id list !
2024-09-12 21:04:53,921 [WARN] DbBoards:127 - board P-NUCLEO-WB55-USBDongle has no document id list !
2024-09-12 21:04:53,921 [WARN] DbBoards:127 - board STEVAL-BFA001V1B has no document id list !
2024-09-12 21:04:53,921 [WARN] DbBoards:127 - board STEVAL-BFA001V2B has no document id list !
2024-09-12 21:04:53,921 [WARN] DbBoards:127 - board STEVAL-IDP005V1 has no document id list !
2024-09-12 21:04:53,921 [WARN] DbBoards:127 - board STEVAL-IDP005V2 has no document id list !
2024-09-12 21:04:53,921 [WARN] DbBoards:127 - board STEVAL-MKSBOX1V1 has no document id list !
2024-09-12 21:04:53,921 [WARN] DbBoards:127 - board STEVAL-STWINKT1 has no document id list !
2024-09-12 21:04:53,921 [WARN] DbBoards:127 - board STEVAL-STWINKT1B has no document id list !
2024-09-12 21:04:53,921 [WARN] DbBoards:127 - board STM32439I-EVAL2 has no document id list !
2024-09-12 21:04:53,921 [WARN] DbBoards:127 - board STM32F401C-DISCO has no document id list !
2024-09-12 21:04:53,921 [WARN] DbBoards:127 - board STM32F769I-DISC1 has no document id list !
2024-09-12 21:04:53,921 [WARN] DbBoards:127 - board STM32G474E-EVAL1 has no document id list !
2024-09-12 21:04:53,921 [WARN] DbBoards:127 - board STM32H743I-EVAL2 has no document id list !
2024-09-12 21:04:53,921 [WARN] DbBoards:127 - board STM32H747I-DISC1 has no document id list !
2024-09-12 21:04:53,921 [WARN] DbBoards:127 - board STM32H753I-EVAL2 has no document id list !
2024-09-12 21:04:53,921 [WARN] DbBoards:127 - board STM32L-DISCOVERY has no document id list !
2024-09-12 21:04:54,062 [ERROR] DbBoards:189 - Image file not found for board B-U585I-IOT02A: C:\Study\Vi x l\STM32CubeIDE_1.7.0\STM32CubeIDE\plugins\com.st.stm32cube.common.mx_6.3.0.202107141111\\db\/plugins/mcufinder/images/boards/B-U585I-IOT02A_small.jpg
2024-09-12 21:04:54,190 [ERROR] DbBoards:189 - Image file not found for board NUCLEO-F413ZH: C:\Study\Vi x l\STM32CubeIDE_1.7.0\STM32CubeIDE\plugins\com.st.stm32cube.common.mx_6.3.0.202107141111\\db\/plugins/mcufinder/images/boards/nucleo-f413zh_small.jpg
2024-09-12 21:04:54,393 [ERROR] DbBoards:189 - Image file not found for board NUCLEO-L552ZE-Q: C:\Study\Vi x l\STM32CubeIDE_1.7.0\STM32CubeIDE\plugins\com.st.stm32cube.common.mx_6.3.0.202107141111\\db\/plugins/mcufinder/images/boards/nucleo_l552ze_q_small.jpg
2024-09-12 21:04:54,393 [ERROR] DbBoards:189 - Image file not found for board NUCLEO-U575ZI-Q: C:\Study\Vi x l\STM32CubeIDE_1.7.0\STM32CubeIDE\plugins\com.st.stm32cube.common.mx_6.3.0.202107141111\\db\/plugins/mcufinder/images/boards/nucleo-u575zi-q_small.jpg
2024-09-12 21:04:54,393 [ERROR] DbBoards:189 - Image file not found for board NUCLEO-WB15CC: C:\Study\Vi x l\STM32CubeIDE_1.7.0\STM32CubeIDE\plugins\com.st.stm32cube.common.mx_6.3.0.202107141111\\db\/plugins/mcufinder/images/boards/nucleo-wb15cc_small.jpg
2024-09-12 21:04:54,393 [ERROR] DbBoards:189 - Image file not found for board NUCLEO-WB55RG: C:\Study\Vi x l\STM32CubeIDE_1.7.0\STM32CubeIDE\plugins\com.st.stm32cube.common.mx_6.3.0.202107141111\\db\/plugins/mcufinder/images/boards/nucleo-wb55rg_small.jpg
2024-09-12 21:04:55,734 [INFO] ApiDb:251 - Load user favorites file C:\Users\Bach/.stm32cubeide/favorites.boards.txt: 0 item(s)
2024-09-12 21:04:55,734 [INFO] ApiDb:255 - User favorites Boards=[]
2024-09-12 21:04:55,734 [INFO] DbBoards:206 - Set 0 / 0 favorites Boards
2024-09-12 21:04:55,734 [INFO] DbBoardsDocs:79 - Found 418 boards documents
2024-09-12 21:04:55,734 [INFO] ApiDb:276 - Save user favorites file C:\Users\Bach/.stm32cubeide/favorites.boards.txt: 0 item(s)
2024-09-12 21:04:55,734 [INFO] ApiDb:280 - User favorites Boards=[]
2024-09-12 21:04:55,734 [INFO] DbBoardsPdsc:90 - Found 25 items
2024-09-12 21:04:55,742 [INFO] DbBoardsPdsc:90 - Found 9 items
2024-09-12 21:04:55,742 [INFO] DbBoardsPdsc:90 - Found 33 items
2024-09-12 21:04:55,742 [INFO] DbBoardsPdsc:90 - Found 1 items
2024-09-12 21:04:55,750 [INFO] DbBoardsPdsc:90 - Found 48 items
2024-09-12 21:04:55,758 [INFO] DbBoardsPdsc:90 - Found 43 items
2024-09-12 21:04:55,758 [INFO] DbBoardsPdsc:90 - Found 2 items
2024-09-12 21:04:55,766 [INFO] DbBoardsPdsc:90 - Found 5 items
2024-09-12 21:04:55,766 [WARN] DbBoardsPdsc:254 - Board STM32H7B3I-DK: unknown feature type=Audio, name=, username=Audio stereo codec with Headphone Amp (CS42L51-CNZ), n=1
2024-09-12 21:04:55,766 [WARN] DbBoardsPdsc:254 - Board STM32H735G-DK: unknown feature type=Audio, name=, username=Audio stereo codec with Headphone Amp (WM8994ECS/R), n=1
2024-09-12 21:04:55,766 [WARN] DbBoardsPdsc:254 - Board STM32H7B3I-EVAL: unknown feature type=Audio, name=, username=Multi-Channel Audio Codec (CS42L51-CNZ), n=1
2024-09-12 21:04:55,766 [WARN] DbBoardsPdsc:254 - Board STM32H7B3I-EVAL: unknown feature type=Meter, name=, username=Power-metering and Temperature-monitoring with sigma-delta modulators, n=1
2024-09-12 21:04:55,766 [WARN] DbBoardsPdsc:254 - Board STM32H7B3I-EVAL: unknown feature type=Motor, name=, username=Motor Control, n=1
2024-09-12 21:04:55,766 [WARN] DbBoardsPdsc:254 - Board STM32U575I-EV: unknown feature type=joystick, name=, username=4-direction joystick with selection button, n=1
2024-09-12 21:04:55,782 [INFO] DbBoardsJson:86 - JSON generation date=Tue Nov 16 23:17:54 ICT 2021 (1637079474)
2024-09-12 21:04:55,782 [INFO] DbBoards:117 - Found 167 boards (163 are supported by CubeMX)
2024-09-12 21:04:55,790 [WARN] DbBoards:127 - board B-L475E-IOT01A2 has no document id list !
2024-09-12 21:04:55,790 [WARN] DbBoards:127 - board NUCLEO-H743ZI has no document id list !
2024-09-12 21:04:55,790 [WARN] DbBoards:127 - board NUCLEO-WL55JC2 has no document id list !
2024-09-12 21:04:55,790 [WARN] DbBoards:127 - board P-NUCLEO-WB55-Nucleo has no document id list !
2024-09-12 21:04:55,790 [WARN] DbBoards:127 - board P-NUCLEO-WB55-USBDongle has no document id list !
2024-09-12 21:04:55,790 [WARN] DbBoards:127 - board STEVAL-BFA001V1B has no document id list !
2024-09-12 21:04:55,790 [WARN] DbBoards:127 - board STEVAL-BFA001V2B has no document id list !
2024-09-12 21:04:55,790 [WARN] DbBoards:127 - board STEVAL-IDP005V1 has no document id list !
2024-09-12 21:04:55,790 [WARN] DbBoards:127 - board STEVAL-IDP005V2 has no document id list !
2024-09-12 21:04:55,790 [WARN] DbBoards:127 - board STEVAL-MKSBOX1V1 has no document id list !
2024-09-12 21:04:55,790 [WARN] DbBoards:127 - board STEVAL-STWINKT1 has no document id list !
2024-09-12 21:04:55,790 [WARN] DbBoards:127 - board STEVAL-STWINKT1B has no document id list !
2024-09-12 21:04:55,790 [WARN] DbBoards:127 - board STM32439I-EVAL2 has no document id list !
2024-09-12 21:04:55,790 [WARN] DbBoards:127 - board STM32F401C-DISCO has no document id list !
2024-09-12 21:04:55,790 [WARN] DbBoards:127 - board STM32F769I-DISC1 has no document id list !
2024-09-12 21:04:55,790 [WARN] DbBoards:127 - board STM32G474E-EVAL1 has no document id list !
2024-09-12 21:04:55,790 [WARN] DbBoards:127 - board STM32H743I-EVAL2 has no document id list !
2024-09-12 21:04:55,790 [WARN] DbBoards:127 - board STM32H747I-DISC1 has no document id list !
2024-09-12 21:04:55,790 [WARN] DbBoards:127 - board STM32H753I-EVAL2 has no document id list !
2024-09-12 21:04:55,790 [WARN] DbBoards:127 - board STM32L-DISCOVERY has no document id list !
2024-09-12 21:04:55,878 [ERROR] DbBoards:189 - Image file not found for board B-U585I-IOT02A: C:\Study\Vi x l\STM32CubeIDE_1.7.0\STM32CubeIDE\plugins\com.st.stm32cube.common.mx_6.3.0.202107141111\\db\/plugins/mcufinder/images/boards/B-U585I-IOT02A_small.jpg
2024-09-12 21:04:55,966 [ERROR] DbBoards:189 - Image file not found for board NUCLEO-F413ZH: C:\Study\Vi x l\STM32CubeIDE_1.7.0\STM32CubeIDE\plugins\com.st.stm32cube.common.mx_6.3.0.202107141111\\db\/plugins/mcufinder/images/boards/nucleo-f413zh_small.jpg
2024-09-12 21:04:56,183 [ERROR] DbBoards:189 - Image file not found for board NUCLEO-L552ZE-Q: C:\Study\Vi x l\STM32CubeIDE_1.7.0\STM32CubeIDE\plugins\com.st.stm32cube.common.mx_6.3.0.202107141111\\db\/plugins/mcufinder/images/boards/nucleo_l552ze_q_small.jpg
2024-09-12 21:04:56,183 [ERROR] DbBoards:189 - Image file not found for board NUCLEO-U575ZI-Q: C:\Study\Vi x l\STM32CubeIDE_1.7.0\STM32CubeIDE\plugins\com.st.stm32cube.common.mx_6.3.0.202107141111\\db\/plugins/mcufinder/images/boards/nucleo-u575zi-q_small.jpg
2024-09-12 21:04:56,183 [ERROR] DbBoards:189 - Image file not found for board NUCLEO-WB15CC: C:\Study\Vi x l\STM32CubeIDE_1.7.0\STM32CubeIDE\plugins\com.st.stm32cube.common.mx_6.3.0.202107141111\\db\/plugins/mcufinder/images/boards/nucleo-wb15cc_small.jpg
2024-09-12 21:04:56,183 [ERROR] DbBoards:189 - Image file not found for board NUCLEO-WB55RG: C:\Study\Vi x l\STM32CubeIDE_1.7.0\STM32CubeIDE\plugins\com.st.stm32cube.common.mx_6.3.0.202107141111\\db\/plugins/mcufinder/images/boards/nucleo-wb55rg_small.jpg
2024-09-12 21:04:57,065 [INFO] ApiDb:251 - Load user favorites file C:\Users\Bach/.stm32cubeide/favorites.boards.txt: 0 item(s)
2024-09-12 21:04:57,065 [INFO] ApiDb:255 - User favorites Boards=[]
2024-09-12 21:04:57,065 [INFO] DbBoards:206 - Set 0 / 0 favorites Boards
2024-09-12 21:04:57,073 [INFO] LoadUrlFilesThread:172 - End of LoadServerUrlFiles without Thread
2024-09-12 21:04:57,073 [INFO] TargetSelectorAdapter:224 - Refresh data is successful
2024-09-12 21:04:57,193 [INFO] ApiDb:479 - Connected to CubeFinder SQLite database (C:\Users\Bach\.stmcufinder\plugins\mcufinder\mcu\cube-finder-db.db)
2024-09-12 21:04:58,036 [ERROR] DbExamplesSqlite:446 - Missing JSON key: board_cpn
2024-09-12 21:04:58,036 [ERROR] DbExamplesSqlite:446 - Missing JSON key: board_cpn
2024-09-12 21:04:58,036 [ERROR] DbExamplesSqlite:446 - Missing JSON key: board_cpn
2024-09-12 21:04:58,036 [ERROR] DbExamplesSqlite:446 - Missing JSON key: board_cpn
2024-09-12 21:04:58,140 [ERROR] DbExamplesSqlite:446 - Missing JSON key: board_cpn
2024-09-12 21:04:58,140 [ERROR] DbExamplesSqlite:446 - Missing JSON key: board_cpn
2024-09-12 21:04:58,140 [ERROR] DbExamplesSqlite:446 - Missing JSON key: board_cpn
2024-09-12 21:04:58,140 [ERROR] DbExamplesSqlite:446 - Missing JSON key: board_cpn
2024-09-12 21:04:58,140 [ERROR] DbExamplesSqlite:446 - Missing JSON key: board_cpn
2024-09-12 21:04:58,140 [ERROR] DbExamplesSqlite:446 - Missing JSON key: board_cpn
2024-09-12 21:04:58,140 [ERROR] DbExamplesSqlite:446 - Missing JSON key: board_cpn
2024-09-12 21:04:58,140 [ERROR] DbExamplesSqlite:446 - Missing JSON key: board_cpn
2024-09-12 21:04:58,140 [ERROR] DbExamplesSqlite:446 - Missing JSON key: board_cpn
2024-09-12 21:04:58,140 [INFO] DbExamplesSqlite:411 - Ignored 28 examples not supported by CubeIDE
2024-09-12 21:04:58,140 [INFO] DbExamplesSqlite:412 - Found 8608 examples active
2024-09-12 21:04:58,140 [INFO] DbExamplesSqlite:413 - Found 0 examples obsolete
2024-09-12 21:04:58,140 [INFO] DbExamplesSqlite:414 - Found 0 examples under development
2024-09-12 21:04:58,140 [INFO] DbExamplesSqlite:415 - Found 10 examples not building
2024-09-12 21:04:58,204 [INFO] DbExamplesSqlite:108 - CubeFinder database Data Model version=2.1
2024-09-12 21:04:58,204 [INFO] DbExamplesSqlite:109 - CubeFinder database Configuration version=3.0.39
2024-09-12 21:04:58,204 [INFO] DbExamplesSqlite:110 - CubeFinder database generation date=2024-08-06 (1722941618)
2024-09-12 21:04:58,204 [INFO] DbExamplesSqlite:111 - CubeFinder database FW Pack versions=[FP-ATR-ASTRA1_V2.0.0, FP-SNS-FLIGHT1_V5.0.2, FP-SNS-MOTENV1_V5.0.0, FP-SNS-MOTENVWB1_V1.4.0, FP-SNS-SMARTAG2_V1.2.0, FP-SNS-STBOX1_V2.0.0, STM32Cube_FW_C0_V1.2.0, STM32Cube_FW_F4_V1.28.0, STM32Cube_FW_F7_V1.17.2, STM32Cube_FW_G0_V1.6.2, STM32Cube_FW_G4_V1.6.0, STM32Cube_FW_H5_V1.3.0, STM32Cube_FW_H7RS_V1.1.0, STM32Cube_FW_H7_V1.11.2, STM32Cube_FW_L0_V1.12.2, STM32Cube_FW_L5_V1.5.1, STM32Cube_FW_U0_V1.1.0, STM32Cube_FW_U5_V1.6.0, STM32Cube_FW_WB0_V1.0.0, STM32Cube_FW_WBA_V1.4.1, STM32Cube_FW_WB_V1.20.0, STM32Cube_FW_WL_V1.3.0, X-CUBE-ALGOBUILD_V1.4.0, X-CUBE-ALS_V1.0.2, X-CUBE-AZRTOS-F4_V1.1.0, X-CUBE-AZRTOS-F7_V1.1.0, X-CUBE-AZRTOS-G0_V1.1.0, X-CUBE-AZRTOS-G4_V2.0.0, X-CUBE-AZRTOS-H7RS_V1.0.0, X-CUBE-AZRTOS-H7_V3.2.0, X-CUBE-AZRTOS-L4_V2.0.0, X-CUBE-AZRTOS-L5_V1.1.0, X-CUBE-AZRTOS-WB_V2.0.0, X-CUBE-AZRTOS-WL_V2.0.0, X-CUBE-BLE1_V7.0.0, X-CUBE-BLE2_V3.3.0, X-CUBE-BLEMGR_V3.1.0, X-CUBE-EEPRMA1_V5.1.0, X-CUBE-FREERTOS_V1.2.0, X-CUBE-GNSS1_V6.0.0, X-CUBE-MEMS1_V10.0.0, X-CUBE-NFC4_V3.0.0, X-CUBE-NFC7_V1.0.1, X-CUBE-SFXS2LP1_V4.0.0, X-CUBE-SUBG2_V5.0.0, X-CUBE-TOF1_V3.4.2]
2024-09-12 21:04:58,204 [INFO] DbExamples:130 - Found 8590 examples
2024-09-12 21:04:58,982 [ERROR] DbExamples:206 - Found 8590 examples with invalid data (board or MCU)
2024-09-12 21:04:58,982 [INFO] DbExamples:222 - Found 80 boards with related examples
2024-09-12 21:04:58,982 [INFO] DbExamples:235 - Found 0 MCUs with related examples
2024-09-12 21:04:59,022 [INFO] ApiDb:242 - User favorites file not found: C:\Users\Bach/.stm32cubeide/favorites.examples.txt
2024-09-12 21:04:59,022 [INFO] DbExamples:256 - Set 0 / 0 favorites Examples
2024-09-12 21:05:01,242 [INFO] MainUpdater:2671 - connection check result : 10
2024-09-12 21:05:01,242 [INFO] McuFinderGlobals:52 - Set McuFinderConnectedMode to false
2024-09-12 21:05:01,341 [INFO] CrossSelectorPresenter:1330 - Cross Selector saved comparison directory: C:\Users\Bach\.stmcufinder\plugins\mcufinder\mcu\cs_comparisons_mx
2024-09-12 21:05:01,341 [INFO] MultiScanPanel:197 - Auto-refresh data requested => check proxy status ongoing
2024-09-12 21:05:01,341 [INFO] MultiScanPanel:201 - Proxy status is invalid
2024-09-12 21:05:01,349 [INFO] FinderPluginLoader:87 - Searching for filters in installed packs
2024-09-12 21:05:01,917 [INFO] DetailPanel:309 - Set advertising image to C:/Users/Bach/STM32Cube/Repository/\en.prom-stm32h7rs-mcu-finder.jpg
2024-09-12 21:05:02,775 [INFO] McuFinderGlobals:52 - Set McuFinderConnectedMode to false
2024-09-12 21:05:02,791 [INFO] CrossSelectorPresenter:1330 - Cross Selector saved comparison directory: C:\Users\Bach\.stmcufinder\plugins\mcufinder\mcu\cs_comparisons_mx
2024-09-12 21:05:02,791 [INFO] MultiScanPanel:197 - Auto-refresh data requested => check proxy status ongoing
2024-09-12 21:05:02,791 [INFO] MultiScanPanel:201 - Proxy status is invalid
2024-09-12 21:05:02,791 [INFO] FinderPluginLoader:87 - Searching for filters in installed packs
2024-09-12 21:05:03,215 [INFO] DetailPanel:309 - Set advertising image to C:/Users/Bach/STM32Cube/Repository/\en.prom-stm32h7rs-mcu-finder.jpg
2024-09-12 21:06:32,833 [INFO] MainUpdater:2671 - connection check result : 10
2024-09-12 21:06:32,833 [INFO] MainUpdater:2671 - connection check result : 10
2024-09-12 21:06:32,908 [INFO] MicroXplorer:448 - Change Database Path : 
2024-09-12 21:06:32,916 [INFO] MicroXplorer:478 - Change Database Version : DB.6.0.30
2024-09-12 21:06:32,916 [WARN] ThirdParty:813 - waiting for thirdparty lock release [close project]
2024-09-12 21:06:32,916 [INFO] ThirdParty:815 - entering critical section [close project]
2024-09-12 21:06:32,917 [INFO] ThirdParty:825 - exiting critical section [close project]
2024-09-12 21:06:32,918 [INFO] PinOutPanel:1463 - setPackage(No Configuration,No Configuration)
2024-09-12 21:06:32,918 [INFO] UtilMem:74 - Begin LoadConfig() Used Memory: 705549624 Bytes (776994816)
2024-09-12 21:06:32,925 [INFO] MicroXplorer:448 - Change Database Path : 
2024-09-12 21:06:32,925 [INFO] MicroXplorer:478 - Change Database Version : DB.6.0.30
2024-09-12 21:06:32,925 [INFO] OpenFileManager:313 - Change cursor
2024-09-12 21:06:33,979 [INFO] Context:592 - Trying to add GPIOservice into a context  which must be forbidden
2024-09-12 21:06:34,263 [INFO] ImportTextPane:167 - (OptionalMessage_ERROR) Unable to find key (Mcu.ThirdPartyNb) in loaded IOC file
2024-09-12 21:06:34,263 [INFO] ImportTextPane:167 - (OptionalMessage_ERROR) Unable to find key (Mcu.PinsNb) in loaded IOC file
2024-09-12 21:06:34,263 [INFO] ImportTextPane:167 - (OptionalMessage_ERROR) Unable to find key (Mcu.IPNb) in loaded IOC file
2024-09-12 21:06:34,311 [WARN] ApiManager:304 - Cannot register API 'Board Extension:GNSS1A1' from pack STMicroelectronics.X-CUBE-GNSS1.6.0.0: no header file found
2024-09-12 21:06:34,311 [WARN] ApiManager:304 - Cannot register API 'Board Support:Custom' from pack STMicroelectronics.X-CUBE-GNSS1.6.0.0: no header file found
2024-09-12 21:06:34,311 [WARN] ApiManager:304 - Cannot register API 'Data Exchange:lib_gnss' from pack STMicroelectronics.X-CUBE-GNSS1.6.0.0: no header file found
2024-09-12 21:06:34,336 [WARN] ApiManager:304 - Cannot register API 'Board Extension:NFC06A1' from pack STMicroelectronics.X-CUBE-NFC6.3.1.0: no header file found
2024-09-12 21:06:34,336 [WARN] ApiManager:304 - Cannot register API 'Board Extension:NFC08A1' from pack STMicroelectronics.X-CUBE-NFC6.3.1.0: no header file found
2024-09-12 21:06:34,531 [WARN] ApiManager:304 - Cannot register API 'Board Extension:IKS01A3' from pack STMicroelectronics.X-CUBE-MEMS1.11.0.0: no header file found
2024-09-12 21:06:34,531 [WARN] ApiManager:304 - Cannot register API 'Board Extension:IKS02A1' from pack STMicroelectronics.X-CUBE-MEMS1.11.0.0: no header file found
2024-09-12 21:06:34,531 [WARN] ApiManager:304 - Cannot register API 'Board Extension:IKS4A1' from pack STMicroelectronics.X-CUBE-MEMS1.11.0.0: no header file found
2024-09-12 21:06:34,546 [INFO] RtosManager:484 - Registered RTOS mode: class=CMSIS, group=RTOS, mode=CMSIS_V1, owner=FREERTOS
2024-09-12 21:06:34,546 [INFO] RtosManager:484 - Registered RTOS mode: class=CMSIS, group=RTOS2, mode=CMSIS_V2, owner=FREERTOS
2024-09-12 21:06:34,546 [INFO] RtosManager:484 - Registered RTOS mode: class=RTOS, group=Core, mode=CMSIS_V1, owner=FREERTOS
2024-09-12 21:06:34,546 [INFO] RtosManager:484 - Registered RTOS mode: class=RTOS, group=Core, mode=CMSIS_V2, owner=FREERTOS
2024-09-12 21:06:34,546 [WARN] ModelIntegratedComponent:181 - Missing modes for component STMicroelectronics:FreeRTOS:0.0.1:STMicroelectronics:RTOS:FreeRTOS:Core:::10.2.0:
2024-09-12 21:06:34,546 [WARN] ApiManager:304 - Cannot register API 'Board Extension:STSAFEA1' from pack STMicroelectronics.X-CUBE-SAFEA1.1.2.2: no header file found
2024-09-12 21:06:34,546 [WARN] ApiManager:304 - Cannot register API 'Board Part:STSAFEA110' from pack STMicroelectronics.X-CUBE-SAFEA1.1.2.2: no header file found
2024-09-12 21:06:34,546 [WARN] ApiManager:304 - Cannot register API 'Security:ST_Cryptolib' from pack STMicroelectronics.X-CUBE-SAFEA1.1.2.2: no header file found
2024-09-12 21:06:34,546 [WARN] ApiManager:304 - Cannot register API 'Security:MbedTLS' from pack STMicroelectronics.X-CUBE-SAFEA1.1.2.2: no header file found
2024-09-12 21:06:34,551 [WARN] ApiManager:304 - Cannot register API 'Board Extension:NFC04A1' from pack STMicroelectronics.X-CUBE-NFC4.3.0.0: no header file found
2024-09-12 21:06:34,554 [WARN] ApiManager:304 - Cannot register API 'Board Extension:S2868A1' from pack STMicroelectronics.X-CUBE-SUBG2.5.0.0: no header file found
2024-09-12 21:06:34,554 [WARN] ApiManager:304 - Cannot register API 'Board Extension:S2868A2' from pack STMicroelectronics.X-CUBE-SUBG2.5.0.0: no header file found
2024-09-12 21:06:34,554 [WARN] ApiManager:304 - Cannot register API 'Board Extension:S2915A1' from pack STMicroelectronics.X-CUBE-SUBG2.5.0.0: no header file found
2024-09-12 21:06:34,554 [WARN] ApiManager:304 - Cannot register API 'Wireless:BlueNRG-MS' from pack STMicroelectronics.X-CUBE-BLE1.7.0.0: no header file found
2024-09-12 21:06:34,562 [WARN] ApiManager:304 - Cannot register API 'Board Extension:EEPRMA2' from pack STMicroelectronics.X-CUBE-EEPRMA1.5.1.0: no header file found
2024-09-12 21:06:34,562 [WARN] ApiManager:304 - Cannot register API 'Board Extension:PGEEZ1' from pack STMicroelectronics.X-CUBE-EEPRMA1.5.1.0: no header file found
2024-09-12 21:06:34,562 [WARN] ApiManager:304 - Cannot register API 'Board Extension:EEICA1' from pack STMicroelectronics.X-CUBE-EEPRMA1.5.1.0: no header file found
2024-09-12 21:06:34,562 [WARN] ApiManager:304 - Cannot register API 'Board Part:M24' from pack STMicroelectronics.X-CUBE-EEPRMA1.5.1.0: no header file found
2024-09-12 21:06:34,562 [WARN] ApiManager:304 - Cannot register API 'Board Part:M95' from pack STMicroelectronics.X-CUBE-EEPRMA1.5.1.0: no header file found
2024-09-12 21:06:34,562 [WARN] ApiManager:304 - Cannot register API 'Board Part:M95P32' from pack STMicroelectronics.X-CUBE-EEPRMA1.5.1.0: no header file found
2024-09-12 21:06:34,562 [WARN] ApiManager:304 - Cannot register API 'Board Part:M24256E-F' from pack STMicroelectronics.X-CUBE-EEPRMA1.5.1.0: no header file found
2024-09-12 21:06:34,562 [WARN] ApiManager:304 - Cannot register API 'Board Part:M24M01E-F' from pack STMicroelectronics.X-CUBE-EEPRMA1.5.1.0: no header file found
2024-09-12 21:06:34,562 [WARN] ApiManager:304 - Cannot register API 'PGEEZ1:SPI' from pack STMicroelectronics.X-CUBE-EEPRMA1.5.1.0: no header file found
2024-09-12 21:06:34,562 [WARN] ApiManager:304 - Cannot register API 'PGEEZ1:QDSPI' from pack STMicroelectronics.X-CUBE-EEPRMA1.5.1.0: no header file found
2024-09-12 21:06:34,562 [WARN] ModelIntegratedComponent:60 - No mode defined for component null
2024-09-12 21:06:34,562 [WARN] ModelIntegratedComponent:60 - No mode defined for component null
2024-09-12 21:06:34,562 [WARN] ModelIntegratedComponent:60 - No mode defined for component null
2024-09-12 21:06:34,562 [WARN] ModelIntegratedComponent:60 - No mode defined for component null
2024-09-12 21:06:34,562 [WARN] ModelIntegratedComponent:60 - No mode defined for component null
2024-09-12 21:06:34,562 [WARN] ModelIntegratedComponent:60 - No mode defined for component null
2024-09-12 21:06:34,562 [WARN] ModelIntegratedComponent:60 - No mode defined for component null
2024-09-12 21:06:34,562 [WARN] ModelIntegratedComponent:60 - No mode defined for component null
2024-09-12 21:06:34,562 [WARN] ModelIntegratedComponent:60 - No mode defined for component null
2024-09-12 21:06:34,562 [WARN] ModelIntegratedComponent:60 - No mode defined for component null
2024-09-12 21:06:34,562 [WARN] ModelIntegratedComponent:60 - No mode defined for component null
2024-09-12 21:06:34,562 [WARN] ModelIntegratedComponent:60 - No mode defined for component null
2024-09-12 21:06:34,562 [WARN] ModelIntegratedComponent:60 - No mode defined for component null
2024-09-12 21:06:34,562 [WARN] ModelIntegratedComponent:60 - No mode defined for component null
2024-09-12 21:06:34,562 [WARN] ModelIntegratedComponent:60 - No mode defined for component null
2024-09-12 21:06:34,568 [WARN] ModelIntegratedComponent:60 - No mode defined for component null
2024-09-12 21:06:34,568 [WARN] ModelIntegratedComponent:60 - No mode defined for component null
2024-09-12 21:06:34,568 [WARN] ModelIntegratedComponent:60 - No mode defined for component null
2024-09-12 21:06:34,568 [WARN] ModelIntegratedComponent:60 - No mode defined for component null
2024-09-12 21:06:34,568 [WARN] ModelIntegratedComponent:60 - No mode defined for component null
2024-09-12 21:06:34,568 [WARN] ModelIntegratedComponent:60 - No mode defined for component null
2024-09-12 21:06:34,568 [WARN] ModelIntegratedComponent:60 - No mode defined for component null
2024-09-12 21:06:34,568 [WARN] ModelIntegratedComponent:60 - No mode defined for component null
2024-09-12 21:06:34,568 [WARN] ModelIntegratedComponent:60 - No mode defined for component null
2024-09-12 21:06:34,568 [WARN] ModelIntegratedComponent:60 - No mode defined for component null
2024-09-12 21:06:34,568 [WARN] ModelIntegratedComponent:60 - No mode defined for component null
2024-09-12 21:06:34,568 [WARN] ModelIntegratedComponent:60 - No mode defined for component null
2024-09-12 21:06:34,568 [WARN] ModelIntegratedComponent:60 - No mode defined for component null
2024-09-12 21:06:34,568 [WARN] ModelIntegratedComponent:60 - No mode defined for component null
2024-09-12 21:06:34,568 [WARN] ModelIntegratedComponent:60 - No mode defined for component null
2024-09-12 21:06:34,568 [WARN] ModelIntegratedComponent:60 - No mode defined for component null
2024-09-12 21:06:34,568 [WARN] ApiManager:304 - Cannot register API 'Board Extension:NFC07A1' from pack STMicroelectronics.X-CUBE-NFC7.1.0.1: no header file found
2024-09-12 21:06:34,587 [WARN] ApiManager:304 - Cannot register API 'Board Extension:S2868A1' from pack STMicroelectronics.X-CUBE-SFXS2LP1.4.0.0: no header file found
2024-09-12 21:06:34,587 [WARN] ApiManager:304 - Cannot register API 'Board Extension:S2868A2' from pack STMicroelectronics.X-CUBE-SFXS2LP1.4.0.0: no header file found
2024-09-12 21:06:34,587 [WARN] ApiManager:304 - Cannot register API 'Board Extension:S2915A1' from pack STMicroelectronics.X-CUBE-SFXS2LP1.4.0.0: no header file found
2024-09-12 21:06:34,587 [WARN] ApiManager:304 - Cannot register API 'Wireless:BlueNRG-2' from pack STMicroelectronics.X-CUBE-BLE2.3.3.0: no header file found
2024-09-12 21:06:36,779 [INFO] UtilMem:74 - End LoadConfig() Used Memory: 726033184 Bytes (789577728)
2024-09-12 21:06:36,787 [WARN] ThirdParty:779 - waiting for thirdparty lock release [change project]
2024-09-12 21:06:36,787 [INFO] ThirdParty:781 - entering critical section [change project]
2024-09-12 21:06:36,787 [INFO] ThirdParty:967 - CMSIS Pack Vendor :STMicroelectronics X-CUBE-AZRTOS-H7 3.3.0
2024-09-12 21:06:36,787 [INFO] ThirdParty:967 - CMSIS Pack Vendor :STMicroelectronics X-CUBE-GNSS1 6.0.0
2024-09-12 21:06:36,787 [INFO] ThirdParty:967 - CMSIS Pack Vendor :STMicroelectronics USB_HOST 2.0.0
2024-09-12 21:06:36,787 [INFO] ThirdParty:967 - CMSIS Pack Vendor :STMicroelectronics X-CUBE-AZRTOS-F4 1.1.0
2024-09-12 21:06:36,787 [INFO] ThirdParty:967 - CMSIS Pack Vendor :STMicroelectronics USB_DEVICE 3.0.0
2024-09-12 21:06:36,787 [INFO] ThirdParty:967 - CMSIS Pack Vendor :STMicroelectronics X-CUBE-AZRTOS-WB 2.0.0
2024-09-12 21:06:36,787 [INFO] ThirdParty:967 - CMSIS Pack Vendor :STMicroelectronics X-CUBE-AZRTOS-F7 1.1.0
2024-09-12 21:06:36,787 [INFO] ThirdParty:967 - CMSIS Pack Vendor :STMicroelectronics X-CUBE-AZRTOS-L5 2.0.0
2024-09-12 21:06:36,787 [INFO] ThirdParty:967 - CMSIS Pack Vendor :STMicroelectronics USB_DEVICE 2.0.0
2024-09-12 21:06:36,787 [INFO] ThirdParty:967 - CMSIS Pack Vendor :STMicroelectronics X-CUBE-NFC6 3.1.0
2024-09-12 21:06:36,787 [INFO] ThirdParty:967 - CMSIS Pack Vendor :STMicroelectronics X-CUBE-MEMS1 11.0.0
2024-09-12 21:06:36,787 [INFO] ThirdParty:967 - CMSIS Pack Vendor :STMicroelectronics FreeRTOS 0.0.1
2024-09-12 21:06:36,787 [INFO] ThirdParty:967 - CMSIS Pack Vendor :STMicroelectronics X-CUBE-AZRTOS-G0 1.1.0
2024-09-12 21:06:36,787 [INFO] ThirdParty:967 - CMSIS Pack Vendor :STMicroelectronics X-CUBE-SAFEA1 1.2.2
2024-09-12 21:06:36,787 [INFO] ThirdParty:967 - CMSIS Pack Vendor :STMicroelectronics X-CUBE-NFC4 3.0.0
2024-09-12 21:06:36,787 [INFO] ThirdParty:967 - CMSIS Pack Vendor :STMicroelectronics X-CUBE-SUBG2 5.0.0
2024-09-12 21:06:36,787 [INFO] ThirdParty:967 - CMSIS Pack Vendor :STMicroelectronics lwIP 2.0.3
2024-09-12 21:06:36,787 [INFO] ThirdParty:967 - CMSIS Pack Vendor :STMicroelectronics USB_HOST 1.0.0
2024-09-12 21:06:36,787 [INFO] ThirdParty:967 - CMSIS Pack Vendor :STMicroelectronics X-CUBE-AI 9.0.0
2024-09-12 21:06:36,787 [INFO] ThirdParty:967 - CMSIS Pack Vendor :STMicroelectronics X-CUBE-AZRTOS-G4 2.0.0
2024-09-12 21:06:36,787 [INFO] ThirdParty:967 - CMSIS Pack Vendor :STMicroelectronics PDM2PCM 3.1.0
2024-09-12 21:06:36,787 [INFO] ThirdParty:967 - CMSIS Pack Vendor :STMicroelectronics PDM2PCM 3.3.0
2024-09-12 21:06:36,787 [INFO] ThirdParty:967 - CMSIS Pack Vendor :STMicroelectronics X-CUBE-BLE1 7.0.0
2024-09-12 21:06:36,787 [INFO] ThirdParty:967 - CMSIS Pack Vendor :STMicroelectronics FP-ATR-SIGFOX1 3.2.0
2024-09-12 21:06:36,787 [INFO] ThirdParty:967 - CMSIS Pack Vendor :wolfSSL I-CUBE-wolfSSL 5.7.2
2024-09-12 21:06:36,787 [INFO] ThirdParty:967 - CMSIS Pack Vendor :STMicroelectronics X-CUBE-ISPU 2.0.0
2024-09-12 21:06:36,787 [INFO] ThirdParty:967 - CMSIS Pack Vendor :STMicroelectronics X-CUBE-EEPRMA1 5.1.0
2024-09-12 21:06:36,787 [INFO] ThirdParty:967 - CMSIS Pack Vendor :STMicroelectronics HAL Drivers 0.0.0
2024-09-12 21:06:36,795 [INFO] ThirdParty:967 - CMSIS Pack Vendor :STMicroelectronics MBEDTLS 2.16.2
2024-09-12 21:06:36,795 [INFO] ThirdParty:967 - CMSIS Pack Vendor :STMicroelectronics X-CUBE-NFC7 1.0.1
2024-09-12 21:06:36,795 [INFO] ThirdParty:967 - CMSIS Pack Vendor :STMicroelectronics MBEDTLS 2.14.1
2024-09-12 21:06:36,795 [INFO] ThirdParty:967 - CMSIS Pack Vendor :STMicroelectronics X-CUBE-TOUCHGFX 4.24.0
2024-09-12 21:06:36,795 [INFO] ThirdParty:967 - CMSIS Pack Vendor :wolfSSL I-CUBE-wolfTPM 3.4.0
2024-09-12 21:06:36,795 [INFO] ThirdParty:967 - CMSIS Pack Vendor :portGmbH I-Cube-SoM-uGOAL 1.1.0
2024-09-12 21:06:36,795 [INFO] ThirdParty:967 - CMSIS Pack Vendor :STMicroelectronics X-CUBE-AZRTOS-WL 2.0.0
2024-09-12 21:06:36,795 [INFO] ThirdParty:967 - CMSIS Pack Vendor :SEGGER I-CUBE-embOS 1.3.1
2024-09-12 21:06:36,795 [INFO] ThirdParty:967 - CMSIS Pack Vendor :STMicroelectronics X-CUBE-ALGOBUILD 1.4.0
2024-09-12 21:06:36,795 [INFO] ThirdParty:967 - CMSIS Pack Vendor :STMicroelectronics USB_DEVICE 1.0.0
2024-09-12 21:06:36,795 [INFO] ThirdParty:967 - CMSIS Pack Vendor :STMicroelectronics X-CUBE-AZRTOS-H7RS 1.0.0
2024-09-12 21:06:36,795 [INFO] ThirdParty:967 - CMSIS Pack Vendor :wolfSSL I-CUBE-wolfMQTT 1.19.0
2024-09-12 21:06:36,795 [INFO] ThirdParty:967 - CMSIS Pack Vendor :STMicroelectronics X-CUBE-AZRTOS-L4 2.0.0
2024-09-12 21:06:36,795 [INFO] ThirdParty:967 - CMSIS Pack Vendor :STMicroelectronics ThreadX 0.0.2
2024-09-12 21:06:36,795 [INFO] ThirdParty:967 - CMSIS Pack Vendor :WES I-CUBE-Cesium 1.3.0
2024-09-12 21:06:36,795 [INFO] ThirdParty:967 - CMSIS Pack Vendor :STMicroelectronics FP-ATR-ASTRA1 2.0.0
2024-09-12 21:06:36,795 [INFO] ThirdParty:967 - CMSIS Pack Vendor :STMicroelectronics lwIP 2.1.2
2024-09-12 21:06:36,795 [INFO] ThirdParty:967 - CMSIS Pack Vendor :STMicroelectronics X-CUBE-SFXS2LP1 4.0.0
2024-09-12 21:06:36,795 [INFO] ThirdParty:967 - CMSIS Pack Vendor :STMicroelectronics X-CUBE-BLE2 3.3.0
2024-09-12 21:06:36,795 [INFO] ThirdParty:967 - CMSIS Pack Vendor :STMicroelectronics PDM2PCM 3.2.0
2024-09-12 21:06:36,795 [INFO] ThirdParty:967 - CMSIS Pack Vendor :wolfSSL I-CUBE-wolfSSH 1.4.17
2024-09-12 21:06:36,795 [INFO] ThirdParty:787 - exiting critical section [change project]
2024-09-12 21:06:37,125 [INFO] PinOutPanel:1463 - setPackage(No Configuration,No Configuration)
2024-09-12 21:06:37,125 [INFO] PinOutPanel:1463 - setPackage(STM32F103C6Ux,UFQFPN48)
2024-09-12 21:06:37,615 [INFO] UtilMem:74 - Before build in PCC Used Memory: 740649104 Bytes (801112064)
2024-09-12 21:06:38,453 [INFO] UtilMem:74 - After build in PCC Used Memory: 749834880 Bytes (801112064)
2024-09-12 21:06:38,485 [INFO] IPUIPlugin:74 - create IPUIPlugin
2024-09-12 21:06:38,485 [INFO] IPUIPlugin:74 - create IPUIPlugin
2024-09-12 21:06:38,485 [INFO] IPUIPlugin:74 - create IPUIPlugin
2024-09-12 21:06:38,485 [INFO] IPUIPlugin:74 - create IPUIPlugin
2024-09-12 21:06:38,485 [INFO] IPUIPlugin:74 - create IPUIPlugin
2024-09-12 21:06:38,485 [INFO] IPUIPlugin:74 - create IPUIPlugin
2024-09-12 21:06:38,485 [INFO] IPUIPlugin:74 - create IPUIPlugin
2024-09-12 21:06:38,485 [INFO] IPUIPlugin:74 - create IPUIPlugin
2024-09-12 21:06:38,485 [INFO] IPUIPlugin:74 - create IPUIPlugin
2024-09-12 21:06:38,485 [INFO] IPUIPlugin:74 - create IPUIPlugin
2024-09-12 21:06:38,485 [INFO] IPUIPlugin:74 - create IPUIPlugin
2024-09-12 21:06:38,485 [INFO] IPUIPlugin:74 - create IPUIPlugin
2024-09-12 21:06:38,485 [INFO] IPUIPlugin:74 - create IPUIPlugin
2024-09-12 21:06:38,485 [INFO] IPUIPlugin:74 - create IPUIPlugin
2024-09-12 21:06:38,485 [INFO] IPUIPlugin:74 - create IPUIPlugin
2024-09-12 21:06:38,485 [INFO] IPUIPlugin:74 - create IPUIPlugin
2024-09-12 21:06:38,485 [INFO] IPUIPlugin:74 - create IPUIPlugin
2024-09-12 21:06:38,485 [INFO] IPUIPlugin:74 - create IPUIPlugin
2024-09-12 21:06:38,485 [INFO] IPUIPlugin:74 - create IPUIPlugin
2024-09-12 21:06:38,485 [INFO] IPUIPlugin:74 - create IPUIPlugin
2024-09-12 21:06:38,485 [INFO] IPUIPlugin:74 - create IPUIPlugin
2024-09-12 21:06:38,485 [INFO] IPUIPlugin:74 - create IPUIPlugin
2024-09-12 21:06:38,493 [INFO] IPUIPlugin:74 - create IPUIPlugin
2024-09-12 21:06:38,639 [INFO] OpenFileManager:333 - Restore cursor
2024-09-12 21:06:38,944 [INFO] UtilMem:74 - End SaveConfig() Used Memory: 782800352 Bytes (801112064)
2024-09-12 21:06:39,000 [INFO] UtilMem:74 - End SaveConfig() Used Memory: 757150496 Bytes (801112064)
2024-09-12 21:06:39,329 [INFO] BlockDiagram:2740 - set Specific Code input for plugin: NVIC
2024-09-12 21:06:39,329 [INFO] BlockDiagram:2740 - set Specific Code input for plugin: SYS
2024-09-12 21:06:39,329 [INFO] BlockDiagram:2740 - set Specific Code input for plugin: RCC
2024-09-12 21:06:39,329 [INFO] CodeGenerator:663 - code generatio: config db path: C:\Study\Vi x l\STM32CubeIDE_1.7.0\STM32CubeIDE\plugins\com.st.stm32cube.common.mx_6.3.0.202107141111\\db\
2024-09-12 21:06:39,682 [INFO] CodeEngine:239 - oldGeneratedFile, C:\Study\Lab 1\ex2\exercise2\MXTmpFiles\license.tmp_save
2024-09-12 21:06:40,030 [INFO] CodeEngine:257 - Generated code: C:\Study\Lab 1\ex2\exercise2\MXTmpFiles\license.tmp
2024-09-12 21:06:40,194 [INFO] CodeEngine:239 - oldGeneratedFile, C:\Study\Lab 1\ex2\exercise2\Core\Src\stm32f1xx_it.c_save
2024-09-12 21:06:40,356 [INFO] CodeEngine:257 - Generated code: C:\Study\Lab 1\ex2\exercise2\Core\Src\stm32f1xx_it.c
2024-09-12 21:06:40,364 [INFO] CodeEngine:239 - oldGeneratedFile, C:\Study\Lab 1\ex2\exercise2\Core\Inc\stm32f1xx_it.h_save
2024-09-12 21:06:40,468 [INFO] CodeEngine:257 - Generated code: C:\Study\Lab 1\ex2\exercise2\Core\Inc\stm32f1xx_it.h
2024-09-12 21:06:40,493 [INFO] CodeEngine:239 - oldGeneratedFile, C:\Study\Lab 1\ex2\exercise2\Core\Src\stm32f1xx_hal_msp.c_save
2024-09-12 21:06:40,680 [INFO] CodeEngine:257 - Generated code: C:\Study\Lab 1\ex2\exercise2\Core\Src\stm32f1xx_hal_msp.c
2024-09-12 21:06:40,696 [INFO] CodeEngine:239 - oldGeneratedFile, C:\Study\Lab 1\ex2\exercise2\MXTmpFiles\system.tmp_save
2024-09-12 21:06:40,785 [INFO] CodeEngine:257 - Generated code: C:\Study\Lab 1\ex2\exercise2\MXTmpFiles\system.tmp
2024-09-12 21:06:40,810 [INFO] CodeEngine:239 - oldGeneratedFile, C:\Study\Lab 1\ex2\exercise2\Core\Inc\stm32f1xx_hal_conf.h_save
2024-09-12 21:06:40,905 [INFO] CodeEngine:257 - Generated code: C:\Study\Lab 1\ex2\exercise2\Core\Inc\stm32f1xx_hal_conf.h
2024-09-12 21:06:40,961 [INFO] CodeEngine:239 - oldGeneratedFile, C:\Study\Lab 1\ex2\exercise2\Core\Inc\main.h_save
2024-09-12 21:06:41,059 [INFO] CodeEngine:257 - Generated code: C:\Study\Lab 1\ex2\exercise2\Core\Inc\main.h
2024-09-12 21:06:41,067 [INFO] CodeEngine:239 - oldGeneratedFile, C:\Study\Lab 1\ex2\exercise2\Core\Src\main.c_save
2024-09-12 21:06:41,195 [INFO] CodeEngine:257 - Generated code: C:\Study\Lab 1\ex2\exercise2\Core\Src\main.c
2024-09-12 21:06:42,057 [INFO] ProjectBuilder:2578 - Time for Copy HAL[1] : 80mS.
2024-09-12 21:06:42,065 [INFO] ProjectBuilder:3622 - Project Generator version: 3.14.1
2024-09-12 21:06:42,686 [INFO] ConfigFileManager:1271 - The Die is : DIE412
2024-09-12 21:06:42,718 [INFO] ApiDbMcu:468 - Load IP Config File for FATFS
2024-09-12 21:06:42,750 [INFO] ApiDbMcu:468 - Load IP Config File for FREERTOS
2024-09-12 21:06:42,782 [INFO] ApiDbMcu:468 - Load IP Config File for USB_DEVICE
2024-09-12 21:06:48,812 [INFO] ProjectBuilder:3789 - Time for Generating toolchain IDE Files: 6747mS.
2024-09-12 21:06:48,812 [INFO] ProjectBuilder:2457 - Time for Copy CMSIS : 0mS.
2024-09-12 21:06:48,821 [INFO] ProjectBuilder:2457 - Time for Copy CMSIS : 0mS.
2024-09-12 21:06:49,730 [INFO] McuFinderGlobals:52 - Set McuFinderConnectedMode to true
2024-09-12 21:06:49,730 [INFO] ApiDb:276 - Save user favorites file C:\Users\Bach/.stm32cubeide/favorites.mcus.txt: 0 item(s)
2024-09-12 21:06:49,730 [INFO] ApiDb:280 - User favorites MCUs=[]
2024-09-12 21:06:50,060 [ERROR] LogOutputStream:74 - [STDERR_REDIRECT] java.lang.NullPointerException
2024-09-12 21:06:50,060 [ERROR] LogOutputStream:74 - [STDERR_REDIRECT] 	at com.st.stm32cube.common.projectcreation.ui.wizard.TargetSetupPageAbstract.createControl(TargetSetupPageAbstract.java:131)
2024-09-12 21:06:50,060 [ERROR] LogOutputStream:74 - [STDERR_REDIRECT] 	at org.eclipse.jface.wizard.Wizard.createPageControls(Wizard.java:178)
2024-09-12 21:06:50,068 [ERROR] LogOutputStream:74 - [STDERR_REDIRECT] 	at org.eclipse.jface.wizard.WizardDialog.createPageControls(WizardDialog.java:743)
2024-09-12 21:06:50,068 [ERROR] LogOutputStream:74 - [STDERR_REDIRECT] 	at org.eclipse.jface.wizard.WizardDialog.createContents(WizardDialog.java:635)
2024-09-12 21:06:50,068 [ERROR] LogOutputStream:74 - [STDERR_REDIRECT] 	at org.eclipse.jface.window.Window.create(Window.java:431)
2024-09-12 21:06:50,068 [ERROR] LogOutputStream:74 - [STDERR_REDIRECT] 	at org.eclipse.jface.dialogs.Dialog.create(Dialog.java:1094)
2024-09-12 21:06:50,068 [ERROR] LogOutputStream:74 - [STDERR_REDIRECT] 	at org.eclipse.jface.window.Window.open(Window.java:788)
2024-09-12 21:06:50,068 [ERROR] LogOutputStream:74 - [STDERR_REDIRECT] 	at com.st.stm32cube.ide.mcu.informationcenter.WelcomePageAction.run(WelcomePageAction.java:54)
2024-09-12 21:06:50,076 [ERROR] LogOutputStream:74 - [STDERR_REDIRECT] 	at org.eclipse.ui.internal.intro.impl.model.url.IntroURL.runAction(IntroURL.java:277)
2024-09-12 21:06:50,076 [ERROR] LogOutputStream:74 - [STDERR_REDIRECT] 	at org.eclipse.ui.internal.intro.impl.model.url.IntroURL.doExecute(IntroURL.java:188)
2024-09-12 21:06:50,076 [ERROR] LogOutputStream:74 - [STDERR_REDIRECT] 	at org.eclipse.ui.internal.intro.impl.model.url.IntroURL.lambda$0(IntroURL.java:143)
2024-09-12 21:06:50,076 [ERROR] LogOutputStream:74 - [STDERR_REDIRECT] 	at org.eclipse.swt.custom.BusyIndicator.showWhile(BusyIndicator.java:74)
2024-09-12 21:06:50,076 [ERROR] LogOutputStream:74 - [STDERR_REDIRECT] 	at org.eclipse.ui.internal.intro.impl.model.url.IntroURL.execute(IntroURL.java:143)
2024-09-12 21:06:50,095 [ERROR] LogOutputStream:74 - [STDERR_REDIRECT] 	at org.eclipse.ui.internal.intro.impl.presentations.BrowserIntroPartLocationListener.changing(BrowserIntroPartLocationListener.java:130)
2024-09-12 21:06:50,095 [ERROR] LogOutputStream:74 - [STDERR_REDIRECT] 	at org.eclipse.swt.browser.IE.lambda$6(IE.java:525)
2024-09-12 21:06:50,095 [ERROR] LogOutputStream:74 - [STDERR_REDIRECT] 	at org.eclipse.swt.ole.win32.OleEventTable.sendEvent(OleEventTable.java:58)
2024-09-12 21:06:50,100 [ERROR] LogOutputStream:74 - [STDERR_REDIRECT] 	at org.eclipse.swt.ole.win32.OleEventSink.notifyListener(OleEventSink.java:160)
2024-09-12 21:06:50,100 [ERROR] LogOutputStream:74 - [STDERR_REDIRECT] 	at org.eclipse.swt.ole.win32.OleEventSink.Invoke(OleEventSink.java:128)
2024-09-12 21:06:50,107 [ERROR] LogOutputStream:74 - [STDERR_REDIRECT] 	at org.eclipse.swt.ole.win32.OleEventSink.access$1(OleEventSink.java:105)
2024-09-12 21:06:50,109 [ERROR] LogOutputStream:74 - [STDERR_REDIRECT] 	at org.eclipse.swt.ole.win32.OleEventSink$1.method6(OleEventSink.java:79)
2024-09-12 21:06:50,109 [ERROR] LogOutputStream:74 - [STDERR_REDIRECT] 	at org.eclipse.swt.internal.ole.win32.COMObject.callback6(COMObject.java:120)
2024-09-12 21:06:50,109 [ERROR] LogOutputStream:74 - [STDERR_REDIRECT] 	at org.eclipse.swt.internal.win32.OS.DispatchMessage(Native Method)
2024-09-12 21:06:50,109 [ERROR] LogOutputStream:74 - [STDERR_REDIRECT] 	at org.eclipse.swt.widgets.Display.readAndDispatch(Display.java:3624)
2024-09-12 21:06:50,117 [ERROR] LogOutputStream:74 - [STDERR_REDIRECT] 	at org.eclipse.e4.ui.internal.workbench.swt.PartRenderingEngine$5.run(PartRenderingEngine.java:1157)
2024-09-12 21:06:50,117 [ERROR] LogOutputStream:74 - [STDERR_REDIRECT] 	at org.eclipse.core.databinding.observable.Realm.runWithDefault(Realm.java:338)
2024-09-12 21:06:50,125 [ERROR] LogOutputStream:74 - [STDERR_REDIRECT] 	at org.eclipse.e4.ui.internal.workbench.swt.PartRenderingEngine.run(PartRenderingEngine.java:1046)
2024-09-12 21:06:50,125 [ERROR] LogOutputStream:74 - [STDERR_REDIRECT] 	at org.eclipse.e4.ui.internal.workbench.E4Workbench.createAndRunUI(E4Workbench.java:155)
2024-09-12 21:06:50,125 [ERROR] LogOutputStream:74 - [STDERR_REDIRECT] 	at org.eclipse.ui.internal.Workbench.lambda$3(Workbench.java:644)
2024-09-12 21:06:50,125 [ERROR] LogOutputStream:74 - [STDERR_REDIRECT] 	at org.eclipse.core.databinding.observable.Realm.runWithDefault(Realm.java:338)
2024-09-12 21:06:50,133 [ERROR] LogOutputStream:74 - [STDERR_REDIRECT] 	at org.eclipse.ui.internal.Workbench.createAndRunWorkbench(Workbench.java:551)
2024-09-12 21:06:50,135 [ERROR] LogOutputStream:74 - [STDERR_REDIRECT] 	at org.eclipse.ui.PlatformUI.createAndRunWorkbench(PlatformUI.java:156)
2024-09-12 21:06:50,135 [ERROR] LogOutputStream:74 - [STDERR_REDIRECT] 	at org.eclipse.ui.internal.ide.application.IDEApplication.start(IDEApplication.java:152)
2024-09-12 21:06:50,141 [ERROR] LogOutputStream:74 - [STDERR_REDIRECT] 	at org.eclipse.equinox.internal.app.EclipseAppHandle.run(EclipseAppHandle.java:203)
2024-09-12 21:06:50,141 [ERROR] LogOutputStream:74 - [STDERR_REDIRECT] 	at org.eclipse.core.runtime.internal.adaptor.EclipseAppLauncher.runApplication(EclipseAppLauncher.java:134)
2024-09-12 21:06:50,141 [ERROR] LogOutputStream:74 - [STDERR_REDIRECT] 	at org.eclipse.core.runtime.internal.adaptor.EclipseAppLauncher.start(EclipseAppLauncher.java:104)
2024-09-12 21:06:50,149 [ERROR] LogOutputStream:74 - [STDERR_REDIRECT] 	at org.eclipse.core.runtime.adaptor.EclipseStarter.run(EclipseStarter.java:401)
2024-09-12 21:06:50,149 [ERROR] LogOutputStream:74 - [STDERR_REDIRECT] 	at org.eclipse.core.runtime.adaptor.EclipseStarter.run(EclipseStarter.java:255)
2024-09-12 21:06:50,149 [ERROR] LogOutputStream:74 - [STDERR_REDIRECT] 	at java.base/jdk.internal.reflect.NativeMethodAccessorImpl.invoke0(Native Method)
2024-09-12 21:06:50,149 [ERROR] LogOutputStream:74 - [STDERR_REDIRECT] 	at java.base/jdk.internal.reflect.NativeMethodAccessorImpl.invoke(NativeMethodAccessorImpl.java:62)
2024-09-12 21:06:50,157 [ERROR] LogOutputStream:74 - [STDERR_REDIRECT] 	at java.base/jdk.internal.reflect.DelegatingMethodAccessorImpl.invoke(DelegatingMethodAccessorImpl.java:43)
2024-09-12 21:06:50,157 [ERROR] LogOutputStream:74 - [STDERR_REDIRECT] 	at java.base/java.lang.reflect.Method.invoke(Method.java:566)
2024-09-12 21:06:50,157 [ERROR] LogOutputStream:74 - [STDERR_REDIRECT] 	at org.eclipse.equinox.launcher.Main.invokeFramework(Main.java:653)
2024-09-12 21:06:50,157 [ERROR] LogOutputStream:74 - [STDERR_REDIRECT] 	at org.eclipse.equinox.launcher.Main.basicRun(Main.java:590)
2024-09-12 21:06:50,157 [ERROR] LogOutputStream:74 - [STDERR_REDIRECT] 	at org.eclipse.equinox.launcher.Main.run(Main.java:1461)
2024-09-12 21:08:50,496 [INFO] UtilMem:74 - End SaveConfig() Used Memory: 975057016 Bytes (997195776)
2024-09-12 21:08:51,776 [INFO] UtilMem:74 - End SaveConfig() Used Memory: 974523096 Bytes (999292928)
2024-09-12 21:08:55,297 [INFO] UtilMem:74 - End SaveConfig() Used Memory: 949753912 Bytes (1008730112)
2024-09-12 21:08:55,628 [INFO] BlockDiagram:2740 - set Specific Code input for plugin: NVIC
2024-09-12 21:08:55,628 [INFO] BlockDiagram:2740 - set Specific Code input for plugin: SYS
2024-09-12 21:08:55,628 [INFO] BlockDiagram:2740 - set Specific Code input for plugin: GPIO
2024-09-12 21:08:55,628 [INFO] BlockDiagram:2740 - set Specific Code input for plugin: RCC
2024-09-12 21:08:55,628 [INFO] CodeGenerator:663 - code generatio: config db path: C:\Study\Vi x l\STM32CubeIDE_1.7.0\STM32CubeIDE\plugins\com.st.stm32cube.common.mx_6.3.0.202107141111\\db\
2024-09-12 21:08:55,910 [INFO] CodeEngine:239 - oldGeneratedFile, C:\Study\Lab 1\ex2\exercise2\MXTmpFiles\license.tmp_save
2024-09-12 21:08:55,998 [INFO] CodeEngine:257 - Generated code: C:\Study\Lab 1\ex2\exercise2\MXTmpFiles\license.tmp
2024-09-12 21:08:56,062 [INFO] CodeEngine:239 - oldGeneratedFile, C:\Study\Lab 1\ex2\exercise2\MXTmpFiles\gpio.tmp_save
2024-09-12 21:08:56,159 [INFO] CodeEngine:257 - Generated code: C:\Study\Lab 1\ex2\exercise2\MXTmpFiles\gpio.tmp
2024-09-12 21:08:56,224 [INFO] CodeEngine:239 - oldGeneratedFile, C:\Study\Lab 1\ex2\exercise2\Core\Src\stm32f1xx_it.c_save
2024-09-12 21:08:56,344 [INFO] CodeEngine:257 - Generated code: C:\Study\Lab 1\ex2\exercise2\Core\Src\stm32f1xx_it.c
2024-09-12 21:08:56,344 [INFO] CodeEngine:239 - oldGeneratedFile, C:\Study\Lab 1\ex2\exercise2\Core\Inc\stm32f1xx_it.h_save
2024-09-12 21:08:56,432 [INFO] CodeEngine:257 - Generated code: C:\Study\Lab 1\ex2\exercise2\Core\Inc\stm32f1xx_it.h
2024-09-12 21:08:56,456 [INFO] CodeEngine:239 - oldGeneratedFile, C:\Study\Lab 1\ex2\exercise2\Core\Src\stm32f1xx_hal_msp.c_save
2024-09-12 21:08:56,537 [INFO] CodeEngine:257 - Generated code: C:\Study\Lab 1\ex2\exercise2\Core\Src\stm32f1xx_hal_msp.c
2024-09-12 21:08:56,537 [INFO] CodeEngine:239 - oldGeneratedFile, C:\Study\Lab 1\ex2\exercise2\MXTmpFiles\system.tmp_save
2024-09-12 21:08:56,594 [INFO] CodeEngine:257 - Generated code: C:\Study\Lab 1\ex2\exercise2\MXTmpFiles\system.tmp
2024-09-12 21:08:56,609 [INFO] CodeEngine:239 - oldGeneratedFile, C:\Study\Lab 1\ex2\exercise2\Core\Inc\stm32f1xx_hal_conf.h_save
2024-09-12 21:08:56,698 [INFO] CodeEngine:257 - Generated code: C:\Study\Lab 1\ex2\exercise2\Core\Inc\stm32f1xx_hal_conf.h
2024-09-12 21:08:56,730 [INFO] CodeEngine:239 - oldGeneratedFile, C:\Study\Lab 1\ex2\exercise2\Core\Inc\main.h_save
2024-09-12 21:08:56,859 [INFO] CodeEngine:257 - Generated code: C:\Study\Lab 1\ex2\exercise2\Core\Inc\main.h
2024-09-12 21:08:56,891 [INFO] CodeEngine:239 - oldGeneratedFile, C:\Study\Lab 1\ex2\exercise2\Core\Src\main.c_save
2024-09-12 21:08:57,037 [INFO] CodeEngine:257 - Generated code: C:\Study\Lab 1\ex2\exercise2\Core\Src\main.c
2024-09-12 21:08:58,314 [INFO] ProjectBuilder:2578 - Time for Copy HAL[1] : 105mS.
2024-09-12 21:08:58,317 [INFO] ProjectBuilder:3622 - Project Generator version: 3.14.1
2024-09-12 21:08:58,798 [INFO] ConfigFileManager:1271 - The Die is : DIE412
2024-09-12 21:09:01,417 [INFO] ProjectBuilder:3789 - Time for Generating toolchain IDE Files: 3100mS.
2024-09-12 21:09:01,417 [INFO] ProjectBuilder:2457 - Time for Copy CMSIS : 0mS.
2024-09-12 21:09:01,418 [INFO] ProjectBuilder:2457 - Time for Copy CMSIS : 0mS.
